[16:36:31] [main/INFO] ========================================
[16:36:31] [main/INFO] Minecraft: 1.20.1
[16:36:31] [main/INFO] Side: server
[16:36:31] [main/INFO] Development: false
[16:36:31] [main/INFO] Version: 12.1.725
[16:36:31] [main/INFO] Loader:
[16:36:31] [main/INFO] - Fabric: 0.16.14
[16:36:31] [main/INFO] - Fabric API: 0.92.3+1.20.1
[16:36:31] [main/INFO] Dependencies:
[16:36:31] [main/INFO] - Cloth Config: 11.1.118
[16:36:31] [main/INFO] - Architectury: 9.2.14
[16:36:31] [main/INFO] Mixin: 0.8.7
[16:36:31] [main/INFO] OS: Linux 6.8.0-1030-azure (amd64)
[16:36:31] [main/INFO] Java: 17.0.16 (Ubuntu)
[16:36:31] [main/INFO] ========================================
[16:36:31] [main/INFO] Mods:
[16:36:31] [main/INFO] - adventurez: 1.4.20
[16:36:31] [main/INFO] - another_furniture: 1.20.1-3.0.1
[16:36:31] [main/INFO] - antique_atlas: 2.11.0+1.20
[16:36:31] [main/INFO] - aquamirae: 6
[16:36:31] [main/INFO] - architectury: 9.2.14
[16:36:31] [main/INFO] - athena: 3.1.1
[16:36:31] [main/INFO] - attributefix: 21.0.4
[16:36:31] [main/INFO] - backported_wolves: 1.1.0-1.19.3-1.20.4
[16:36:31] [main/INFO] - beaconoverhaul: 1.8.4+1.20
[16:36:31] [main/INFO] - beansbackpacks: 2.0.2
[16:36:31] [main/INFO] - bestylewither: 1.6.1
[16:36:31] [main/INFO] - betterdeserttemples: 1.20-Fabric-3.0.3
[16:36:31] [main/INFO] - betterdungeons: 1.20-Fabric-4.0.4
[16:36:31] [main/INFO] - betterendisland: 1.20-Fabric-2.0.6
[16:36:31] [main/INFO] - betterfortresses: 1.20-Fabric-2.0.6
[16:36:31] [main/INFO] - betterjungletemples: 1.20-Fabric-2.0.5
[16:36:31] [main/INFO] - bettermineshafts: 1.20-Fabric-4.0.4
[16:36:31] [main/INFO] - betteroceanmonuments: 1.20-Fabric-3.0.4
[16:36:31] [main/INFO] - bettertrims: 3.2.8
[16:36:31] [main/INFO] - betterwitchhuts: 1.20-Fabric-3.0.3
[16:36:31] [main/INFO] - blue_endless_jankson: 1.2.3
[16:36:31] [main/INFO] - bookshelf: 20.2.13
[16:36:31] [main/INFO] - bosses_of_mass_destruction: 1.7.5-1.20.1
[16:36:31] [main/INFO] - c2me: 0.2.0+alpha.11.5
[16:36:31] [main/INFO] - c2me-base: 0.2.0+alpha.11.5
[16:36:31] [main/INFO] - c2me-fixes-chunkio-threading-issues: 0.2.0+alpha.11.5
[16:36:31] [main/INFO] - c2me-fixes-general-threading-issues: 0.2.0+alpha.11.5
[16:36:31] [main/INFO] - c2me-fixes-worldgen-threading-issues: 0.2.0+alpha.11.5
[16:36:31] [main/INFO] - c2me-fixes-worldgen-vanilla-bugs: 0.2.0+alpha.11.5
[16:36:31] [main/INFO] - c2me-notickvd: 0.2.0+alpha.11.5
[16:36:31] [main/INFO] - c2me-opts-allocs: 0.2.0+alpha.11.5
[16:36:31] [main/INFO] - c2me-opts-chunk-access: 0.2.0+alpha.11.5
[16:36:31] [main/INFO] - c2me-opts-chunkio: 0.2.0+alpha.11.5
[16:36:31] [main/INFO] - c2me-opts-math: 0.2.0+alpha.11.5
[16:36:31] [main/INFO] - c2me-opts-scheduling: 0.2.0+alpha.11.5
[16:36:31] [main/INFO] - c2me-opts-worldgen-general: 0.2.0+alpha.11.5
[16:36:31] [main/INFO] - c2me-opts-worldgen-vanilla: 0.2.0+alpha.11.5
[16:36:31] [main/INFO] - c2me-rewrites-chunk-serializer: 0.2.0+alpha.11.5
[16:36:31] [main/INFO] - c2me-rewrites-chunkio: 0.2.0+alpha.11.5
[16:36:31] [main/INFO] - c2me-server-utils: 0.2.0+alpha.11.5
[16:36:31] [main/INFO] - c2me-threading-chunkio: 0.2.0+alpha.11.5
[16:36:31] [main/INFO] - c2me-threading-lighting: 0.2.0+alpha.11.5
[16:36:31] [main/INFO] - c2me-threading-worldgen: 0.2.0+alpha.11.5
[16:36:31] [main/INFO] - cardinal-components: 5.2.2
[16:36:31] [main/INFO] - cardinal-components-base: 5.2.2
[16:36:31] [main/INFO] - cardinal-components-block: 5.2.2
[16:36:31] [main/INFO] - cardinal-components-chunk: 5.2.2
[16:36:31] [main/INFO] - cardinal-components-entity: 5.2.2
[16:36:31] [main/INFO] - cardinal-components-item: 5.2.2
[16:36:31] [main/INFO] - cardinal-components-level: 5.2.2
[16:36:31] [main/INFO] - cardinal-components-scoreboard: 5.2.2
[16:36:31] [main/INFO] - cardinal-components-world: 5.2.2
[16:36:31] [main/INFO] - carryon: 2.1.2.7
[16:36:31] [main/INFO] - cave_dweller: 1.3.0
[16:36:31] [main/INFO] - chunkloaders: 1.2.8+a
[16:36:31] [main/INFO] - chunky: 1.3.146
[16:36:31] [main/INFO] - cicada: 0.8.0+1.20.1
[16:36:31] [main/INFO] - cloth-basic-math: 0.6.1
[16:36:31] [main/INFO] - cloth-config: 11.1.118
[16:36:31] [main/INFO] - cloth-config: 11.1.118
[16:36:31] [main/INFO] - collective: 7.84
[16:36:31] [main/INFO] - com_electronwill_night-config_core: 3.6.6
[16:36:31] [main/INFO] - com_electronwill_night-config_toml: 3.6.6
[16:36:31] [main/INFO] - com_eliotlash_mclib_mclib: 20
[16:36:31] [main/INFO] - com_github_keksuccino_japng: 0.5.3
[16:36:31] [main/INFO] - com_github_rtyley_animated-gif-lib-for-java: animated-gif-lib-1.7
[16:36:31] [main/INFO] - com_google_code_findbugs_jsr305: 3.0.2
[16:36:31] [main/INFO] - com_ibm_async_asyncutil: 0.1.0
[16:36:31] [main/INFO] - com_teamresourceful_bytecodecs: 1.0.2
[16:36:31] [main/INFO] - com_teamresourceful_yabn: 1.0.3
[16:36:31] [main/INFO] - com_twelvemonkeys_common_common-image: 3.10.0
[16:36:31] [main/INFO] - com_twelvemonkeys_common_common-io: 3.10.0
[16:36:31] [main/INFO] - com_twelvemonkeys_common_common-lang: 3.10.0
[16:36:31] [main/INFO] - com_twelvemonkeys_imageio_imageio-core: 3.10.0
[16:36:31] [main/INFO] - com_twelvemonkeys_imageio_imageio-metadata: 3.10.0
[16:36:31] [main/INFO] - com_twelvemonkeys_imageio_imageio-webp: 3.10.0
[16:36:31] [main/INFO] - comforts: 6.4.0+1.20.1
[16:36:31] [main/INFO] - commons-io_commons-io: 2.15.1
[16:36:31] [main/INFO] - conditional-mixin: 0.6.2
[16:36:31] [main/INFO] - configurable: 2.2.3
[16:36:31] [main/INFO] - connectedglass: 1.1.11
[16:36:31] [main/INFO] - crab: 1.0.2
[16:36:31] [main/INFO] - create: 0.5.1-f-build.1417+mc1.20.1
[16:36:31] [main/INFO] - creativecore: 2.12.24
[16:36:31] [main/INFO] - creeperoverhaul: 3.0.2
[16:36:31] [main/INFO] - customportalapi: 0.0.1-beta64-1.20
[16:36:31] [main/INFO] - deeperdarker: 1.3.3
[16:36:31] [main/INFO] - do_a_barrel_roll: 3.6.1+1.20.1
[16:36:31] [main/INFO] - doubledoors: 5.9
[16:36:31] [main/INFO] - dripstone_fluid_lib: 3.0.2
[16:36:31] [main/INFO] - dungeons_arise: 2.1.57
[16:36:31] [main/INFO] - dungeons_arise_seven_seas: 1.0.2
[16:36:31] [main/INFO] - easyanvils: 8.0.2
[16:36:31] [main/INFO] - easymagic: 8.0.1
[16:36:31] [main/INFO] - easyshulkerboxes: 8.0.2
[16:36:31] [main/INFO] - elytra_vanilla: 1.0.0
[16:36:31] [main/INFO] - entityculling: 1.7.2
[16:36:31] [main/INFO] - error_notifier: 1.0.9
[16:36:31] [main/INFO] - exposure: 1.7.7
[16:36:31] [main/INFO] - fabric-api: 0.92.3+1.20.1
[16:36:31] [main/INFO] - fabric-api: 0.92.3+1.20.1
[16:36:31] [main/INFO] - fabric-api-base: 0.4.31+1802ada577
[16:36:31] [main/INFO] - fabric-api-lookup-api-v1: 1.6.36+1802ada577
[16:36:31] [main/INFO] - fabric-biome-api-v1: 13.0.13+1802ada577
[16:36:31] [main/INFO] - fabric-block-api-v1: 1.0.11+1802ada577
[16:36:31] [main/INFO] - fabric-block-view-api-v2: 1.0.1+1802ada577
[16:36:31] [main/INFO] - fabric-command-api-v1: 1.2.34+f71b366f77
[16:36:31] [main/INFO] - fabric-command-api-v2: 2.2.13+1802ada577
[16:36:31] [main/INFO] - fabric-commands-v0: 0.2.51+df3654b377
[16:36:31] [main/INFO] - fabric-containers-v0: 0.1.65+df3654b377
[16:36:31] [main/INFO] - fabric-content-registries-v0: 4.0.12+1802ada577
[16:36:31] [main/INFO] - fabric-convention-tags-v1: 1.5.5+1802ada577
[16:36:31] [main/INFO] - fabric-crash-report-info-v1: 0.2.19+1802ada577
[16:36:31] [main/INFO] - fabric-data-attachment-api-v1: 1.0.1+de0fd6d177
[16:36:31] [main/INFO] - fabric-data-generation-api-v1: 12.3.5+1802ada577
[16:36:31] [main/INFO] - fabric-dimensions-v1: 2.1.54+1802ada577
[16:36:31] [main/INFO] - fabric-entity-events-v1: 1.6.0+1c78457f77
[16:36:31] [main/INFO] - fabric-events-interaction-v0: 0.6.3+13a40c6677
[16:36:31] [main/INFO] - fabric-events-lifecycle-v0: 0.2.63+df3654b377
[16:36:31] [main/INFO] - fabric-game-rule-api-v1: 1.0.40+1802ada577
[16:36:31] [main/INFO] - fabric-item-api-v1: 2.1.28+1802ada577
[16:36:31] [main/INFO] - fabric-item-group-api-v1: 4.0.13+1802ada577
[16:36:31] [main/INFO] - fabric-language-kotlin: 1.13.0+kotlin.2.1.0
[16:36:31] [main/INFO] - fabric-lifecycle-events-v1: 2.2.22+1802ada577
[16:36:31] [main/INFO] - fabric-loot-api-v2: 1.2.2+1802ada577
[16:36:31] [main/INFO] - fabric-loot-tables-v1: 1.1.46+9e7660c677
[16:36:31] [main/INFO] - fabric-message-api-v1: 5.1.9+1802ada577
[16:36:31] [main/INFO] - fabric-mining-level-api-v1: 2.1.51+1802ada577
[16:36:31] [main/INFO] - fabric-networking-api-v1: 1.3.12+13a40c6677
[16:36:31] [main/INFO] - fabric-networking-v0: 0.3.52+df3654b377
[16:36:31] [main/INFO] - fabric-object-builder-api-v1: 11.1.4+1802ada577
[16:36:31] [main/INFO] - fabric-particles-v1: 1.1.2+1802ada577
[16:36:31] [main/INFO] - fabric-permissions-api-v0: 0.2-SNAPSHOT
[16:36:31] [main/INFO] - fabric-recipe-api-v1: 1.0.22+1802ada577
[16:36:31] [main/INFO] - fabric-registry-sync-v0: 2.3.4+1802ada577
[16:36:31] [main/INFO] - fabric-rendering-data-attachment-v1: 0.3.37+92a0d36777
[16:36:31] [main/INFO] - fabric-rendering-fluids-v1: 3.0.28+1802ada577
[16:36:31] [main/INFO] - fabric-resource-conditions-api-v1: 2.3.8+1802ada577
[16:36:31] [main/INFO] - fabric-resource-loader-v0: 0.11.11+fb82e9d777
[16:36:31] [main/INFO] - fabric-screen-handler-api-v1: 1.3.31+1802ada577
[16:36:31] [main/INFO] - fabric-transfer-api-v1: 3.3.5+8dd72ea377
[16:36:31] [main/INFO] - fabric-transitive-access-wideners-v1: 4.3.1+1802ada577
[16:36:31] [main/INFO] - fabricloader: 0.16.14
[16:36:31] [main/INFO] - fancymenu: 3.2.3
[16:36:31] [main/INFO] - ferritecore: 6.0.1
[16:36:31] [main/INFO] - fiber: 0.23.0-2
[16:36:31] [main/INFO] - folk_sisby_kaleido-config: 0.3.1+1.3.2
[16:36:31] [main/INFO] - forgeconfigapiport: 8.0.0
[16:36:31] [main/INFO] - friendsandfoes: 3.0.7
[16:36:31] [main/INFO] - fusion: 1.1.1
[16:36:31] [main/INFO] - geckolib: 4.4.6
[16:36:31] [main/INFO] - globalpacks: 1.16.1_fabric
[16:36:31] [main/INFO] - gnomemod: 1.0.1
[16:36:31] [main/INFO] - graveyard: 3.0
[16:36:31] [main/INFO] - guiclock: 4.6
[16:36:31] [main/INFO] - guicompass: 4.8
[16:36:31] [main/INFO] - hangglider: 8.0.1
[16:36:31] [main/INFO] - iceandfire: 1.0-beta.2
[16:36:31] [main/INFO] - immersive_melodies: 0.3.0+1.20.1
[16:36:31] [main/INFO] - incendium: 5.3.5
[16:36:31] [main/INFO] - inventorio: 1.10.3
[16:36:31] [main/INFO] - inventorymanagement: 1.3.1
[16:36:31] [main/INFO] - jackfredlib-base: 1.4.0+1.20.1
[16:36:31] [main/INFO] - jackfredlib-colour: 1.1.0+1.20.1
[16:36:31] [main/INFO] - jackfredlib-config: 0.2.3+1.20.1
[16:36:31] [main/INFO] - jackfredlib-lying: 0.5.6+1.20.1
[16:36:31] [main/INFO] - jamlib: 0.6.1+1.20.x
[16:36:31] [main/INFO] - java: 17
[16:36:31] [main/INFO] - jupiter: 2.0
[16:36:31] [main/INFO] - keybind_fix: 1.0.0
[16:36:31] [main/INFO] - konkrete: 1.8.1
[16:36:31] [main/INFO] - lazydfu: 0.1.3
[16:36:31] [main/INFO] - lenientdeath: 1.2.5+1.20.1
[16:36:31] [main/INFO] - lib39-core: 1.5.0-experimental6.1+1.20.1
[16:36:31] [main/INFO] - lib39-dessicant: 1.5.0-experimental6.1+1.20.1
[16:36:31] [main/INFO] - lithium: 0.11.2
[16:36:31] [main/INFO] - maelstrom_library: 1.6.1-1.20
[16:36:31] [main/INFO] - melody: 1.0.3
[16:36:31] [main/INFO] - memoryleakfix: 1.1.5
[16:36:31] [main/INFO] - midnightlib: 1.4.1
[16:36:31] [main/INFO] - milk: 1.2.60
[16:36:31] [main/INFO] - minecraft: 1.20.1
[16:36:31] [main/INFO] - mixinextras: 0.4.1
[16:36:31] [main/INFO] - mixinsquared: 0.1.1
[16:36:31] [main/INFO] - mobcaptains: 3.1.1
[16:36:31] [main/INFO] - moonlight: 1.20-2.11.37
[16:36:31] [main/INFO] - morebows: 1.0.11+1.20.x
[16:36:31] [main/INFO] - mr_dungeons_andtaverns: 3.0.3.f
[16:36:31] [main/INFO] - mr_dungeons_andtavernsstrongholdrework: 1
[16:36:31] [main/INFO] - mr_remove_terralithintromessage: 1.0
[16:36:31] [main/INFO] - mr_true_ending: 1-v1.1.0c
[16:36:31] [main/INFO] - multipart_entities: 1.5-1.20
[16:36:31] [main/INFO] - mysticaloaktree: 1.20-1.11
[16:36:31] [main/INFO] - net_minecraftforge_eventbus: 6.0.3
[16:36:31] [main/INFO] - net_objecthunter_exp4j: 0.4.8
[16:36:31] [main/INFO] - netherportalspread: 8.3
[16:36:31] [main/INFO] - niftycarts: 3.0.2+1.20.1
[16:36:31] [main/INFO] - noisium: 2.2.2+mc1.20-1.20.1
[16:36:31] [main/INFO] - notenoughcrashes: 4.4.7+1.20.1
[16:36:31] [main/INFO] - nullscape: 1.2.7
[16:36:31] [main/INFO] - nyfsspiders: 2.1.1
[16:36:31] [main/INFO] - obscure_api: 16
[16:36:31] [main/INFO] - org_javassist_javassist: 3.29.2-GA
[16:36:31] [main/INFO] - org_jetbrains_kotlin_kotlin-reflect: 2.1.0
[16:36:31] [main/INFO] - org_jetbrains_kotlin_kotlin-stdlib: 2.1.0
[16:36:31] [main/INFO] - org_jetbrains_kotlin_kotlin-stdlib-jdk7: 2.1.0
[16:36:31] [main/INFO] - org_jetbrains_kotlin_kotlin-stdlib-jdk8: 2.1.0
[16:36:31] [main/INFO] - org_jetbrains_kotlinx_atomicfu-jvm: 0.26.1
[16:36:31] [main/INFO] - org_jetbrains_kotlinx_kotlinx-coroutines-core-jvm: 1.9.0
[16:36:31] [main/INFO] - org_jetbrains_kotlinx_kotlinx-coroutines-jdk8: 1.9.0
[16:36:31] [main/INFO] - org_jetbrains_kotlinx_kotlinx-datetime-jvm: 0.6.1
[16:36:31] [main/INFO] - org_jetbrains_kotlinx_kotlinx-io-bytestring-jvm: 0.6.0
[16:36:31] [main/INFO] - org_jetbrains_kotlinx_kotlinx-io-core-jvm: 0.6.0
[16:36:31] [main/INFO] - org_jetbrains_kotlinx_kotlinx-serialization-cbor-jvm: 1.7.3
[16:36:31] [main/INFO] - org_jetbrains_kotlinx_kotlinx-serialization-core-jvm: 1.7.3
[16:36:31] [main/INFO] - org_jetbrains_kotlinx_kotlinx-serialization-json-jvm: 1.7.3
[16:36:31] [main/INFO] - org_quiltmc_parsers_gson: 0.2.1
[16:36:31] [main/INFO] - org_quiltmc_parsers_json: 0.2.1
[16:36:31] [main/INFO] - org_reflections_reflections: 0.10.2
[16:36:31] [main/INFO] - org_threadly_threadly: 7.0
[16:36:31] [main/INFO] - owo: 0.11.2+1.20
[16:36:31] [main/INFO] - packet_tweaker: 0.4.0+1.19.4
[16:36:31] [main/INFO] - patchouli: 1.20.1-84-FABRIC
[16:36:31] [main/INFO] - pickupnotifier: 8.0.0
[16:36:31] [main/INFO] - ping-wheel: 1.9.1
[16:36:31] [main/INFO] - plushies: 1.4.0
[16:36:31] [main/INFO] - polymer-registry-sync-manipulator: 0.5.0+1.20
[16:36:31] [main/INFO] - porting_lib_accessors: 2.3.2+1.20.1
[16:36:31] [main/INFO] - porting_lib_attributes: 2.3.2+1.20.1
[16:36:31] [main/INFO] - porting_lib_base: 2.3.2+1.20.1
[16:36:31] [main/INFO] - porting_lib_brewing: 2.3.2+1.20.1
[16:36:31] [main/INFO] - porting_lib_client_events: 2.3.2+1.20.1
[16:36:31] [main/INFO] - porting_lib_common: 2.3.2+1.20.1
[16:36:31] [main/INFO] - porting_lib_config: 2.3.2+1.20.1
[16:36:31] [main/INFO] - porting_lib_core: 2.3.2+1.20.1
[16:36:31] [main/INFO] - porting_lib_data: 2.1.1090+1.20
[16:36:31] [main/INFO] - porting_lib_entity: 2.3.2+1.20.1
[16:36:31] [main/INFO] - porting_lib_extensions: 2.3.2+1.20.1
[16:36:31] [main/INFO] - porting_lib_fluids: 2.3.2+1.20.1
[16:36:31] [main/INFO] - porting_lib_gametest: 2.1.1090+1.20
[16:36:31] [main/INFO] - porting_lib_lazy_registration: 2.3.2+1.20.1
[16:36:31] [main/INFO] - porting_lib_mixin_extensions: 2.3.2+1.20.1
[16:36:31] [main/INFO] - porting_lib_model_generators: 2.1.1090+1.20
[16:36:31] [main/INFO] - porting_lib_model_loader: 2.3.2+1.20.1
[16:36:31] [main/INFO] - porting_lib_model_materials: 2.1.1090+1.20
[16:36:31] [main/INFO] - porting_lib_models: 2.3.2+1.20.1
[16:36:31] [main/INFO] - porting_lib_networking: 2.3.2+1.20.1
[16:36:31] [main/INFO] - porting_lib_obj_loader: 2.3.2+1.20.1
[16:36:31] [main/INFO] - porting_lib_tags: 3.0
[16:36:31] [main/INFO] - porting_lib_tool_actions: 2.3.2+1.20.1
[16:36:31] [main/INFO] - porting_lib_transfer: 2.3.2+1.20.1
[16:36:31] [main/INFO] - porting_lib_utility: 2.3.2+1.20.1
[16:36:31] [main/INFO] - puzzlesaccessapi: 8.0.9
[16:36:31] [main/INFO] - puzzlesapi: 8.1.6
[16:36:31] [main/INFO] - puzzleslib: 8.1.20
[16:36:31] [main/INFO] - radiantgear: 2.1.6+1.20.1
[16:36:31] [main/INFO] - reach-entity-attributes: 2.4.0
[16:36:31] [main/INFO] - registrate-fabric: 1.3.62-MC1.20.1
[16:36:31] [main/INFO] - resourcefulconfig: 2.1.2
[16:36:31] [main/INFO] - resourcefullib: 2.1.25
[16:36:31] [main/INFO] - ribbits: 1.20.1-Fabric-3.0.2
[16:36:31] [main/INFO] - rightclickharvest: 3.2.3+1.19.x-1.20.1-fabric
[16:36:31] [main/INFO] - roughlyenoughitems: 12.1.725
[16:36:31] [main/INFO] - sawmill: 1.20-1.4.3
[16:36:31] [main/INFO] - scout: 2.0.4+1.20.1
[16:36:31] [main/INFO] - server_translations_api: 2.0.0+1.20
[16:36:31] [main/INFO] - serversleep_mr: 1-datapack
[16:36:31] [main/INFO] - showmeyourskin: 1.9.0+1.20
[16:36:31] [main/INFO] - simplyswords: 1.56.0-1.20.1
[16:36:31] [main/INFO] - smartbrainlib: 1.14
[16:36:31] [main/INFO] - snuffles: 1.0.0+1.20
[16:36:31] [main/INFO] - spawnermod: 1.2.4
[16:36:31] [main/INFO] - spectrelib: 0.13.15+1.20.1
[16:36:31] [main/INFO] - sponsor_core: 1.0.0
[16:36:31] [main/INFO] - strawdummy: 1.9.0
[16:36:31] [main/INFO] - supermartijn642configlib: 1.1.8+a
[16:36:31] [main/INFO] - supermartijn642corelib: 1.1.17
[16:36:31] [main/INFO] - surveyor: 0.6.26+1.20
[16:36:31] [main/INFO] - tectonic: 2.3.5b
[16:36:31] [main/INFO] - terralith: 2.5.4
[16:36:31] [main/INFO] - the_bumblezone: 7.4.16+1.20.1-fabric
[16:36:31] [main/INFO] - torchesntrinkets: 0.2.1-1.20.1-4
[16:36:31] [main/INFO] - trimmable_tools: 1.0.6
[16:36:31] [main/INFO] - trinkets: 3.7.2
[16:36:31] [main/INFO] - uranus: 2.2.2
[16:36:31] [main/INFO] - valkyrienskies: 2.3.0-beta.5
[16:36:31] [main/INFO] - vcinteraction: 1.20.1-1.0.6
[16:36:31] [main/INFO] - voicechat: 1.20.1-2.5.20
[16:36:31] [main/INFO] - voidz: 1.0.11
[16:36:31] [main/INFO] - vs_clockwork: 1.20.1-0.1.16-fabric-b3b22e39fe
[16:36:31] [main/INFO] - vs_eureka: 1.5.1-beta.3
[16:36:31] [main/INFO] - watching: 1.9.2
[16:36:31] [main/INFO] - waveycapes: 1.4.8
[16:36:31] [main/INFO] - weaponmaster_ydm: 4.2.3
[16:36:31] [main/INFO] - wolf_port: 1.0.3-1.20.1
[16:36:31] [main/INFO] - yet_another_config_lib_v3: 3.5.0+1.20.1-fabric
[16:36:31] [main/INFO] - yungsapi: 1.20-Fabric-4.0.6
[16:36:31] [main/INFO] - yungsbridges: 1.20-Fabric-4.0.3
[16:36:31] [main/INFO] - yungsextras: 1.20-Fabric-4.0.3
[16:36:31] [main/INFO] ========================================
[16:36:31] [main/INFO] [REI] Registered plugin provider DefaultPlugin [roughlyenoughitems] for REIPlugin
[16:36:31] [main/INFO] [REI] Registered plugin provider DefaultRuntimePlugin [roughlyenoughitems] for REIPlugin
[16:36:31] [main/INFO] [REI] Registered plugin provider DefaultPlugin [roughlyenoughitems] for REIServerPlugin
[16:36:31] [main/INFO] [REI] Registered plugin provider DefaultRuntimePlugin [roughlyenoughitems] for REIServerPlugin
[16:36:31] [main/INFO] [REI] Registered plugin provider FabricFluidAPISupportPlugin for REIServerPlugin
[16:36:31] [main/INFO] [REI] Registered plugin provider FabricFluidAPISupportPlugin for REIPlugin
[16:36:38] [Worker-Main-3/DEBUG] [REI] Processed 0 tags in 34.31 μs for minecraft:worldgen/world_preset
[16:36:38] [Worker-Main-2/DEBUG] [REI] Processed 0 tags in 6.722 μs for minecraft:worldgen/placed_feature
[16:36:38] [Worker-Main-2/DEBUG] [REI] Processed 3 tags in 866.2 μs for minecraft:instrument
[16:36:38] [Worker-Main-3/DEBUG] [REI] Processed 0 tags in 39.64 μs for minecraft:worldgen/structure
[16:36:38] [Worker-Main-3/DEBUG] [REI] Processed 7 tags in 49.12 μs for minecraft:enchantment
[16:36:38] [Worker-Main-2/DEBUG] [REI] Processed 1 tags in 21.99 μs for minecraft:recipe_type
[16:36:38] [Worker-Main-2/DEBUG] [REI] Processed 7 tags in 44.88 μs for minecraft:mob_effect
[16:36:38] [Worker-Main-1/DEBUG] [REI] Processed 134 tags in 749.6 μs for minecraft:entity_type
[16:36:38] [Worker-Main-2/DEBUG] [REI] Processed 5 tags in 56.72 μs for minecraft:point_of_interest_type
[16:36:38] [Worker-Main-2/DEBUG] [REI] Processed 0 tags in 19.97 μs for minecraft:damage_type
[16:36:38] [Worker-Main-2/DEBUG] [REI] Processed 0 tags in 384.7 μs for minecraft:worldgen/density_function
[16:36:38] [Worker-Main-2/DEBUG] [REI] Processed 0 tags in 2.456 ms for minecraft:worldgen/biome
[16:36:38] [Worker-Main-2/DEBUG] [REI] Processed 22 tags in 77.37 μs for minecraft:fluid
[16:36:38] [Worker-Main-2/DEBUG] [REI] Processed 2 tags in 36.44 μs for minecraft:painting_variant
[16:36:38] [Worker-Main-3/DEBUG] [REI] Processed 691 tags in 5.147 ms for minecraft:item
[16:36:38] [Worker-Main-2/DEBUG] [REI] Processed 2 tags in 19.42 μs for minecraft:cat_variant
[16:36:38] [Worker-Main-1/DEBUG] [REI] Processed 638 tags in 15.90 ms for minecraft:block
[16:36:38] [Worker-Main-2/DEBUG] [REI] Processed 0 tags in 4.418 μs for minecraft:worldgen/flat_level_generator_preset
[16:36:38] [Worker-Main-2/DEBUG] [REI] Processed 1 tags in 12.36 μs for minecraft:sound_event
[16:36:38] [Worker-Main-1/DEBUG] [REI] Processed 7 tags in 135.3 μs for minecraft:game_event
[16:36:38] [Worker-Main-3/DEBUG] [REI] Processed 34 tags in 77.90 μs for minecraft:banner_pattern
[16:36:38] [Worker-Main-2/DEBUG] [REI] Processed 0 tags in 8.886 μs for minecraft:worldgen/structure_set
[16:36:38] [Worker-Main-3/DEBUG] [REI] Processed 1 tags in 14.39 μs for minecraft:recipe_serializer
[16:36:42] [main/DEBUG] [REI] ========================================
[16:36:42] [main/DEBUG] [REI] REIPlugin starting pre-reload for START.
[16:36:42] [main/DEBUG] [REI] Reloadables (7):
[16:36:42] [main/DEBUG] [REI]  - EntryTypeRegistryImpl
[16:36:42] [main/DEBUG] [REI]  - EntrySettingsAdapterRegistryImpl
[16:36:42] [main/DEBUG] [REI]  - RecipeManagerContextImpl
[16:36:42] [main/DEBUG] [REI]  - ItemComparatorRegistryImpl
[16:36:42] [main/DEBUG] [REI]  - FluidComparatorRegistryImpl
[16:36:42] [main/DEBUG] [REI]  - DisplaySerializerRegistryImpl
[16:36:42] [main/DEBUG] [REI]  - FluidSupportProviderImpl
[16:36:42] [main/DEBUG] [REI] Plugins (3):
[16:36:42] [main/DEBUG] [REI]  - (-100.00) DefaultPlugin of DefaultPlugin [roughlyenoughitems]
[16:36:42] [main/DEBUG] [REI]  - (0.00) FabricFluidAPISupportPlugin
[16:36:42] [main/DEBUG] [REI]  - (0.00) DefaultRuntimePlugin of DefaultRuntimePlugin [roughlyenoughitems]
[16:36:42] [main/DEBUG] [REI] ========================================
[16:36:42] [main/TRACE] [REI] [REIPlugin START] Reloading Section: "pre-register/"
[16:36:42] [main/TRACE] [REI] [REIPlugin START] Reloading Section: "pre-register/DefaultPlugin of DefaultPlugin [roughlyenoughitems]/"
[16:36:42] [main/TRACE] [REI] [REIPlugin START] Reloading Section: "pre-register/DefaultPlugin of DefaultPlugin [roughlyenoughitems]/" done in 1.398 ms
[16:36:42] [main/TRACE] [REI] [REIPlugin START] Reloading Section: "pre-register/FabricFluidAPISupportPlugin/"
[16:36:42] [main/TRACE] [REI] [REIPlugin START] Reloading Section: "pre-register/FabricFluidAPISupportPlugin/" done in 13.51 μs
[16:36:42] [main/TRACE] [REI] [REIPlugin START] Reloading Section: "pre-register/DefaultRuntimePlugin of DefaultRuntimePlugin [roughlyenoughitems]/"
[16:36:42] [main/TRACE] [REI] [REIPlugin START] Reloading Section: "pre-register/DefaultRuntimePlugin of DefaultRuntimePlugin [roughlyenoughitems]/" done in 11.74 μs
[16:36:42] [main/TRACE] [REI] [REIPlugin START] Reloading Section: "pre-register/" done in 12.51 ms
[16:36:42] [main/TRACE] [REI] [REIPlugin START] Reloading Section: "pre-stage/"
[16:36:42] [main/TRACE] [REI] [REIPlugin START] Reloading Section: "pre-stage/EntryTypeRegistryImpl/"
[16:36:42] [main/TRACE] [REI] [REIPlugin START] Reloading Section: "pre-stage/EntryTypeRegistryImpl/" done in 181.3 μs
[16:36:42] [main/TRACE] [REI] [REIPlugin START] Reloading Section: "pre-stage/EntrySettingsAdapterRegistryImpl/"
[16:36:42] [main/TRACE] [REI] [REIPlugin START] Reloading Section: "pre-stage/EntrySettingsAdapterRegistryImpl/" done in 9.097 μs
[16:36:42] [main/TRACE] [REI] [REIPlugin START] Reloading Section: "pre-stage/RecipeManagerContextImpl/"
[16:36:42] [main/TRACE] [REI] [REIPlugin START] Reloading Section: "pre-stage/RecipeManagerContextImpl/" done in 8.606 μs
[16:36:42] [main/TRACE] [REI] [REIPlugin START] Reloading Section: "pre-stage/ItemComparatorRegistryImpl/"
[16:36:42] [main/TRACE] [REI] [REIPlugin START] Reloading Section: "pre-stage/ItemComparatorRegistryImpl/" done in 10.69 μs
[16:36:42] [main/TRACE] [REI] [REIPlugin START] Reloading Section: "pre-stage/FluidComparatorRegistryImpl/"
[16:36:42] [main/TRACE] [REI] [REIPlugin START] Reloading Section: "pre-stage/FluidComparatorRegistryImpl/" done in 29.07 μs
[16:36:42] [main/TRACE] [REI] [REIPlugin START] Reloading Section: "pre-stage/DisplaySerializerRegistryImpl/"
[16:36:42] [main/TRACE] [REI] [REIPlugin START] Reloading Section: "pre-stage/DisplaySerializerRegistryImpl/" done in 9.127 μs
[16:36:42] [main/TRACE] [REI] [REIPlugin START] Reloading Section: "pre-stage/FluidSupportProviderImpl/"
[16:36:42] [main/TRACE] [REI] [REIPlugin START] Reloading Section: "pre-stage/FluidSupportProviderImpl/" done in 8.996 μs
[16:36:42] [main/TRACE] [REI] [REIPlugin START] Reloading Section: "pre-stage/" done in 1.675 ms
[16:36:42] [main/DEBUG] [REI] ========================================
[16:36:42] [main/DEBUG] [REI] REIPlugin finished pre-reload for START in 17.75 ms.
[16:36:42] [main/DEBUG] [REI] ========================================
[16:36:42] [main/DEBUG] [REI] ========================================
[16:36:42] [main/DEBUG] [REI] REIServerPlugin starting pre-reload for START.
[16:36:42] [main/DEBUG] [REI] Reloadables (2):
[16:36:42] [main/DEBUG] [REI]  - MenuInfoRegistryImpl
[16:36:42] [main/DEBUG] [REI]  - SlotAccessorRegistryImpl
[16:36:42] [main/DEBUG] [REI] Plugins (3):
[16:36:42] [main/DEBUG] [REI]  - (-100.00) DefaultPlugin of DefaultPlugin [roughlyenoughitems]
[16:36:42] [main/DEBUG] [REI]  - (0.00) FabricFluidAPISupportPlugin
[16:36:42] [main/DEBUG] [REI]  - (0.00) DefaultRuntimePlugin of DefaultRuntimePlugin [roughlyenoughitems]
[16:36:42] [main/DEBUG] [REI] ========================================
[16:36:42] [main/TRACE] [REI] [REIServerPlugin START] Reloading Section: "pre-register/"
[16:36:42] [main/TRACE] [REI] [REIServerPlugin START] Reloading Section: "pre-register/DefaultPlugin of DefaultPlugin [roughlyenoughitems]/"
[16:36:42] [main/TRACE] [REI] [REIServerPlugin START] Reloading Section: "pre-register/DefaultPlugin of DefaultPlugin [roughlyenoughitems]/" done in 74.28 μs
[16:36:42] [main/TRACE] [REI] [REIServerPlugin START] Reloading Section: "pre-register/FabricFluidAPISupportPlugin/"
[16:36:42] [main/TRACE] [REI] [REIServerPlugin START] Reloading Section: "pre-register/FabricFluidAPISupportPlugin/" done in 11.28 μs
[16:36:42] [main/TRACE] [REI] [REIServerPlugin START] Reloading Section: "pre-register/DefaultRuntimePlugin of DefaultRuntimePlugin [roughlyenoughitems]/"
[16:36:42] [main/TRACE] [REI] [REIServerPlugin START] Reloading Section: "pre-register/DefaultRuntimePlugin of DefaultRuntimePlugin [roughlyenoughitems]/" done in 12.31 μs
[16:36:42] [main/TRACE] [REI] [REIServerPlugin START] Reloading Section: "pre-register/" done in 589.3 μs
[16:36:42] [main/TRACE] [REI] [REIServerPlugin START] Reloading Section: "pre-stage/"
[16:36:42] [main/TRACE] [REI] [REIServerPlugin START] Reloading Section: "pre-stage/MenuInfoRegistryImpl/"
[16:36:42] [main/TRACE] [REI] [REIServerPlugin START] Reloading Section: "pre-stage/MenuInfoRegistryImpl/" done in 9.317 μs
[16:36:42] [main/TRACE] [REI] [REIServerPlugin START] Reloading Section: "pre-stage/SlotAccessorRegistryImpl/"
[16:36:42] [main/TRACE] [REI] [REIServerPlugin START] Reloading Section: "pre-stage/SlotAccessorRegistryImpl/" done in 8.456 μs
[16:36:42] [main/TRACE] [REI] [REIServerPlugin START] Reloading Section: "pre-stage/" done in 291.0 μs
[16:36:42] [main/DEBUG] [REI] ========================================
[16:36:42] [main/DEBUG] [REI] REIServerPlugin finished pre-reload for START in 1.155 ms.
[16:36:42] [main/DEBUG] [REI] ========================================
[16:36:42] [main/INFO] [REI] ########################################
[16:36:42] [main/INFO] [REI] REIPlugin starting main-reload for START.
[16:36:42] [main/DEBUG] [REI] Reloadables (7):
[16:36:42] [main/DEBUG] [REI]  - EntryTypeRegistryImpl
[16:36:42] [main/DEBUG] [REI]  - EntrySettingsAdapterRegistryImpl
[16:36:42] [main/DEBUG] [REI]  - RecipeManagerContextImpl
[16:36:42] [main/DEBUG] [REI]  - ItemComparatorRegistryImpl
[16:36:42] [main/DEBUG] [REI]  - FluidComparatorRegistryImpl
[16:36:42] [main/DEBUG] [REI]  - DisplaySerializerRegistryImpl
[16:36:42] [main/DEBUG] [REI]  - FluidSupportProviderImpl
[16:36:42] [main/INFO] [REI] Plugins (3):
[16:36:42] [main/INFO] [REI]  - (-100.00) DefaultPlugin of DefaultPlugin [roughlyenoughitems]
[16:36:42] [main/INFO] [REI]  - (0.00) FabricFluidAPISupportPlugin
[16:36:42] [main/INFO] [REI]  - (0.00) DefaultRuntimePlugin of DefaultRuntimePlugin [roughlyenoughitems]
[16:36:42] [main/INFO] [REI] ########################################
[16:36:42] [main/TRACE] [REI] [REIPlugin START] Reloading Section: "start-reload/"
[16:36:42] [main/TRACE] [REI] [REIPlugin START] Reloading Section: "start-reload/EntryTypeRegistryImpl/"
[16:36:42] [main/TRACE] [REI] [REIPlugin START] Reloading Section: "start-reload/EntryTypeRegistryImpl/" done in 66.11 μs
[16:36:42] [main/TRACE] [REI] [REIPlugin START] Reloading Section: "start-reload/EntrySettingsAdapterRegistryImpl/"
[16:36:42] [main/TRACE] [REI] [REIPlugin START] Reloading Section: "start-reload/EntrySettingsAdapterRegistryImpl/" done in 14.51 μs
[16:36:42] [main/TRACE] [REI] [REIPlugin START] Reloading Section: "start-reload/RecipeManagerContextImpl/"
[16:36:42] [main/TRACE] [REI] [REIPlugin START] Reloading Section: "start-reload/RecipeManagerContextImpl/" done in 9.187 μs
[16:36:42] [main/TRACE] [REI] [REIPlugin START] Reloading Section: "start-reload/ItemComparatorRegistryImpl/"
[16:36:42] [main/TRACE] [REI] [REIPlugin START] Reloading Section: "start-reload/ItemComparatorRegistryImpl/" done in 33.20 μs
[16:36:42] [main/TRACE] [REI] [REIPlugin START] Reloading Section: "start-reload/FluidComparatorRegistryImpl/"
[16:36:42] [main/TRACE] [REI] [REIPlugin START] Reloading Section: "start-reload/FluidComparatorRegistryImpl/" done in 11.58 μs
[16:36:42] [main/TRACE] [REI] [REIPlugin START] Reloading Section: "start-reload/DisplaySerializerRegistryImpl/"
[16:36:42] [main/TRACE] [REI] [REIPlugin START] Reloading Section: "start-reload/DisplaySerializerRegistryImpl/" done in 8.636 μs
[16:36:42] [main/TRACE] [REI] [REIPlugin START] Reloading Section: "start-reload/FluidSupportProviderImpl/"
[16:36:42] [main/TRACE] [REI] [REIPlugin START] Reloading Section: "start-reload/FluidSupportProviderImpl/" done in 23.76 μs
[16:36:42] [main/TRACE] [REI] [REIPlugin START] Reloading Section: "start-reload/" done in 1.272 ms
[16:36:42] [main/DEBUG] [REI] ========================================
[16:36:42] [main/DEBUG] [REI] REIPlugin started main-reload for START.
[16:36:42] [main/DEBUG] [REI] ========================================
[16:36:42] [main/TRACE] [REI] [REIPlugin START] Reloading Section: "reloadable-plugin/EntryTypeRegistryImpl/"
[16:36:42] [main/TRACE] [REI] [REIPlugin START] Reloading Section: "reloadable-plugin/EntryTypeRegistryImpl/DefaultPlugin of DefaultPlugin [roughlyenoughitems]/"
[16:36:42] [main/TRACE] [REI] [REIPlugin START] Reloading Section: "reloadable-plugin/EntryTypeRegistryImpl/DefaultPlugin of DefaultPlugin [roughlyenoughitems]/" done in 222.5 μs
[16:36:42] [main/TRACE] [REI] [REIPlugin START] Reloading Section: "reloadable-plugin/EntryTypeRegistryImpl/FabricFluidAPISupportPlugin/"
[16:36:42] [main/TRACE] [REI] [REIPlugin START] Reloading Section: "reloadable-plugin/EntryTypeRegistryImpl/FabricFluidAPISupportPlugin/" done in 15.86 μs
[16:36:42] [main/TRACE] [REI] [REIPlugin START] Reloading Section: "reloadable-plugin/EntryTypeRegistryImpl/DefaultRuntimePlugin of DefaultRuntimePlugin [roughlyenoughitems]/"
[16:36:42] [main/TRACE] [REI] [REIPlugin START] Reloading Section: "reloadable-plugin/EntryTypeRegistryImpl/DefaultRuntimePlugin of DefaultRuntimePlugin [roughlyenoughitems]/" done in 6.883 ms
[16:36:42] [main/TRACE] [REI] [REIPlugin START] Reloading Section: "reloadable-plugin/EntryTypeRegistryImpl/" done in 8.167 ms
[16:36:42] [main/TRACE] [REI] [REIPlugin START] Reloading Section: "reloadable-plugin/EntrySettingsAdapterRegistryImpl/"
[16:36:42] [main/TRACE] [REI] [REIPlugin START] Reloading Section: "reloadable-plugin/EntrySettingsAdapterRegistryImpl/DefaultPlugin of DefaultPlugin [roughlyenoughitems]/"
[16:36:42] [main/TRACE] [REI] [REIPlugin START] Reloading Section: "reloadable-plugin/EntrySettingsAdapterRegistryImpl/DefaultPlugin of DefaultPlugin [roughlyenoughitems]/" done in 15.81 μs
[16:36:42] [main/TRACE] [REI] [REIPlugin START] Reloading Section: "reloadable-plugin/EntrySettingsAdapterRegistryImpl/FabricFluidAPISupportPlugin/"
[16:36:42] [main/TRACE] [REI] [REIPlugin START] Reloading Section: "reloadable-plugin/EntrySettingsAdapterRegistryImpl/FabricFluidAPISupportPlugin/" done in 15.03 μs
[16:36:42] [main/TRACE] [REI] [REIPlugin START] Reloading Section: "reloadable-plugin/EntrySettingsAdapterRegistryImpl/DefaultRuntimePlugin of DefaultRuntimePlugin [roughlyenoughitems]/"
[16:36:42] [main/TRACE] [REI] [REIPlugin START] Reloading Section: "reloadable-plugin/EntrySettingsAdapterRegistryImpl/DefaultRuntimePlugin of DefaultRuntimePlugin [roughlyenoughitems]/" done in 15.33 μs
[16:36:42] [main/TRACE] [REI] [REIPlugin START] Reloading Section: "reloadable-plugin/EntrySettingsAdapterRegistryImpl/" done in 572.0 μs
[16:36:42] [main/TRACE] [REI] [REIPlugin START] Reloading Section: "reloadable-plugin/RecipeManagerContextImpl/"
[16:36:42] [main/TRACE] [REI] [REIPlugin START] Reloading Section: "reloadable-plugin/RecipeManagerContextImpl/DefaultPlugin of DefaultPlugin [roughlyenoughitems]/"
[16:36:42] [main/TRACE] [REI] [REIPlugin START] Reloading Section: "reloadable-plugin/RecipeManagerContextImpl/DefaultPlugin of DefaultPlugin [roughlyenoughitems]/" done in 19.79 μs
[16:36:42] [main/TRACE] [REI] [REIPlugin START] Reloading Section: "reloadable-plugin/RecipeManagerContextImpl/FabricFluidAPISupportPlugin/"
[16:36:42] [main/TRACE] [REI] [REIPlugin START] Reloading Section: "reloadable-plugin/RecipeManagerContextImpl/FabricFluidAPISupportPlugin/" done in 12.20 μs
[16:36:42] [main/TRACE] [REI] [REIPlugin START] Reloading Section: "reloadable-plugin/RecipeManagerContextImpl/DefaultRuntimePlugin of DefaultRuntimePlugin [roughlyenoughitems]/"
[16:36:42] [main/TRACE] [REI] [REIPlugin START] Reloading Section: "reloadable-plugin/RecipeManagerContextImpl/DefaultRuntimePlugin of DefaultRuntimePlugin [roughlyenoughitems]/" done in 13.03 μs
[16:36:42] [main/TRACE] [REI] [REIPlugin START] Reloading Section: "reloadable-plugin/RecipeManagerContextImpl/" done in 496.2 μs
[16:36:42] [main/TRACE] [REI] [REIPlugin START] Reloading Section: "reloadable-plugin/ItemComparatorRegistryImpl/"
[16:36:42] [main/TRACE] [REI] [REIPlugin START] Reloading Section: "reloadable-plugin/ItemComparatorRegistryImpl/DefaultPlugin of DefaultPlugin [roughlyenoughitems]/"
[16:36:42] [main/TRACE] [REI] [REIPlugin START] Reloading Section: "reloadable-plugin/ItemComparatorRegistryImpl/DefaultPlugin of DefaultPlugin [roughlyenoughitems]/" done in 900.3 μs
[16:36:42] [main/TRACE] [REI] [REIPlugin START] Reloading Section: "reloadable-plugin/ItemComparatorRegistryImpl/FabricFluidAPISupportPlugin/"
[16:36:42] [main/TRACE] [REI] [REIPlugin START] Reloading Section: "reloadable-plugin/ItemComparatorRegistryImpl/FabricFluidAPISupportPlugin/" done in 15.06 μs
[16:36:42] [main/TRACE] [REI] [REIPlugin START] Reloading Section: "reloadable-plugin/ItemComparatorRegistryImpl/DefaultRuntimePlugin of DefaultRuntimePlugin [roughlyenoughitems]/"
[16:36:42] [main/TRACE] [REI] [REIPlugin START] Reloading Section: "reloadable-plugin/ItemComparatorRegistryImpl/DefaultRuntimePlugin of DefaultRuntimePlugin [roughlyenoughitems]/" done in 16.95 μs
[16:36:42] [main/TRACE] [REI] [REIPlugin START] Reloading Section: "reloadable-plugin/ItemComparatorRegistryImpl/" done in 1.384 ms
[16:36:42] [main/TRACE] [REI] [REIPlugin START] Reloading Section: "reloadable-plugin/FluidComparatorRegistryImpl/"
[16:36:42] [main/TRACE] [REI] [REIPlugin START] Reloading Section: "reloadable-plugin/FluidComparatorRegistryImpl/DefaultPlugin of DefaultPlugin [roughlyenoughitems]/"
[16:36:42] [main/TRACE] [REI] [REIPlugin START] Reloading Section: "reloadable-plugin/FluidComparatorRegistryImpl/DefaultPlugin of DefaultPlugin [roughlyenoughitems]/" done in 20.36 μs
[16:36:42] [main/TRACE] [REI] [REIPlugin START] Reloading Section: "reloadable-plugin/FluidComparatorRegistryImpl/FabricFluidAPISupportPlugin/"
[16:36:42] [main/TRACE] [REI] [REIPlugin START] Reloading Section: "reloadable-plugin/FluidComparatorRegistryImpl/FabricFluidAPISupportPlugin/" done in 12.88 μs
[16:36:42] [main/TRACE] [REI] [REIPlugin START] Reloading Section: "reloadable-plugin/FluidComparatorRegistryImpl/DefaultRuntimePlugin of DefaultRuntimePlugin [roughlyenoughitems]/"
[16:36:42] [main/TRACE] [REI] [REIPlugin START] Reloading Section: "reloadable-plugin/FluidComparatorRegistryImpl/DefaultRuntimePlugin of DefaultRuntimePlugin [roughlyenoughitems]/" done in 16.57 μs
[16:36:42] [main/TRACE] [REI] [REIPlugin START] Reloading Section: "reloadable-plugin/FluidComparatorRegistryImpl/" done in 495.5 μs
[16:36:42] [main/TRACE] [REI] [REIPlugin START] Reloading Section: "reloadable-plugin/DisplaySerializerRegistryImpl/"
[16:36:42] [main/TRACE] [REI] [REIPlugin START] Reloading Section: "reloadable-plugin/DisplaySerializerRegistryImpl/DefaultPlugin of DefaultPlugin [roughlyenoughitems]/"
[16:36:42] [main/TRACE] [REI] [REIPlugin START] Reloading Section: "reloadable-plugin/DisplaySerializerRegistryImpl/DefaultPlugin of DefaultPlugin [roughlyenoughitems]/" done in 12.31 μs
[16:36:42] [main/TRACE] [REI] [REIPlugin START] Reloading Section: "reloadable-plugin/DisplaySerializerRegistryImpl/FabricFluidAPISupportPlugin/"
[16:36:42] [main/TRACE] [REI] [REIPlugin START] Reloading Section: "reloadable-plugin/DisplaySerializerRegistryImpl/FabricFluidAPISupportPlugin/" done in 13.54 μs
[16:36:42] [main/TRACE] [REI] [REIPlugin START] Reloading Section: "reloadable-plugin/DisplaySerializerRegistryImpl/DefaultRuntimePlugin of DefaultRuntimePlugin [roughlyenoughitems]/"
[16:36:42] [main/TRACE] [REI] [REIPlugin START] Reloading Section: "reloadable-plugin/DisplaySerializerRegistryImpl/DefaultRuntimePlugin of DefaultRuntimePlugin [roughlyenoughitems]/" done in 12.87 μs
[16:36:42] [main/TRACE] [REI] [REIPlugin START] Reloading Section: "reloadable-plugin/DisplaySerializerRegistryImpl/" done in 494.7 μs
[16:36:42] [main/TRACE] [REI] [REIPlugin START] Reloading Section: "reloadable-plugin/FluidSupportProviderImpl/"
[16:36:42] [main/TRACE] [REI] [REIPlugin START] Reloading Section: "reloadable-plugin/FluidSupportProviderImpl/DefaultPlugin of DefaultPlugin [roughlyenoughitems]/"
[16:36:42] [main/TRACE] [REI] [REIPlugin START] Reloading Section: "reloadable-plugin/FluidSupportProviderImpl/DefaultPlugin of DefaultPlugin [roughlyenoughitems]/" done in 470.1 μs
[16:36:42] [main/TRACE] [REI] [REIPlugin START] Reloading Section: "reloadable-plugin/FluidSupportProviderImpl/FabricFluidAPISupportPlugin/"
[16:36:42] [main/TRACE] [REI] [REIPlugin START] Reloading Section: "reloadable-plugin/FluidSupportProviderImpl/FabricFluidAPISupportPlugin/" done in 178.0 μs
[16:36:42] [main/TRACE] [REI] [REIPlugin START] Reloading Section: "reloadable-plugin/FluidSupportProviderImpl/DefaultRuntimePlugin of DefaultRuntimePlugin [roughlyenoughitems]/"
[16:36:42] [main/TRACE] [REI] [REIPlugin START] Reloading Section: "reloadable-plugin/FluidSupportProviderImpl/DefaultRuntimePlugin of DefaultRuntimePlugin [roughlyenoughitems]/" done in 14.68 μs
[16:36:42] [main/TRACE] [REI] [REIPlugin START] Reloading Section: "reloadable-plugin/FluidSupportProviderImpl/" done in 1.176 ms
[16:36:42] [main/DEBUG] [REI] ========================================
[16:36:42] [main/DEBUG] [REI] REIPlugin ending main-reload for START.
[16:36:42] [main/DEBUG] [REI] ========================================
[16:36:42] [main/TRACE] [REI] [REIPlugin START] Reloading Section: "end-reload/"
[16:36:42] [main/TRACE] [REI] [REIPlugin START] Reloading Section: "end-reload/EntryTypeRegistryImpl/"
[16:36:42] [main/TRACE] [REI] [REIPlugin START] Reloading Section: "end-reload/EntryTypeRegistryImpl/" done in 16.83 μs
[16:36:42] [main/TRACE] [REI] [REIPlugin START] Reloading Section: "end-reload/EntrySettingsAdapterRegistryImpl/"
[16:36:42] [main/TRACE] [REI] [REIPlugin START] Reloading Section: "end-reload/EntrySettingsAdapterRegistryImpl/" done in 8.526 μs
[16:36:42] [main/TRACE] [REI] [REIPlugin START] Reloading Section: "end-reload/RecipeManagerContextImpl/"
[16:36:42] [main/TRACE] [REI] [REIPlugin START] Reloading Section: "end-reload/RecipeManagerContextImpl/" done in 7.464 μs
[16:36:42] [main/TRACE] [REI] [REIPlugin START] Reloading Section: "end-reload/ItemComparatorRegistryImpl/"
[16:36:42] [main/TRACE] [REI] [REIPlugin START] Reloading Section: "end-reload/ItemComparatorRegistryImpl/" done in 7.855 μs
[16:36:42] [main/TRACE] [REI] [REIPlugin START] Reloading Section: "end-reload/FluidComparatorRegistryImpl/"
[16:36:42] [main/TRACE] [REI] [REIPlugin START] Reloading Section: "end-reload/FluidComparatorRegistryImpl/" done in 7.825 μs
[16:36:42] [main/TRACE] [REI] [REIPlugin START] Reloading Section: "end-reload/DisplaySerializerRegistryImpl/"
[16:36:42] [main/TRACE] [REI] [REIPlugin START] Reloading Section: "end-reload/DisplaySerializerRegistryImpl/" done in 8.315 μs
[16:36:42] [main/TRACE] [REI] [REIPlugin START] Reloading Section: "end-reload/FluidSupportProviderImpl/"
[16:36:42] [main/TRACE] [REI] [REIPlugin START] Reloading Section: "end-reload/FluidSupportProviderImpl/" done in 8.095 μs
[16:36:42] [main/TRACE] [REI] [REIPlugin START] Reloading Section: "end-reload/" done in 1.156 ms
[16:36:42] [main/DEBUG] [REI] ========================================
[16:36:42] [main/DEBUG] [REI] REIPlugin ended main-reload for START in 18.73 ms.
[16:36:42] [main/DEBUG] [REI] ========================================
[16:36:42] [main/INFO] [REI] @@@@@@@@@@@@@@@@@@@@@@@@@@@@@@@@@@@@@@@@
[16:36:42] [main/INFO] [REI] REIServerPlugin starting main-reload for START.
[16:36:42] [main/DEBUG] [REI] Reloadables (2):
[16:36:42] [main/DEBUG] [REI]  - MenuInfoRegistryImpl
[16:36:42] [main/DEBUG] [REI]  - SlotAccessorRegistryImpl
[16:36:42] [main/INFO] [REI] Plugins (3):
[16:36:42] [main/INFO] [REI]  - (-100.00) DefaultPlugin of DefaultPlugin [roughlyenoughitems]
[16:36:42] [main/INFO] [REI]  - (0.00) FabricFluidAPISupportPlugin
[16:36:42] [main/INFO] [REI]  - (0.00) DefaultRuntimePlugin of DefaultRuntimePlugin [roughlyenoughitems]
[16:36:42] [main/INFO] [REI] @@@@@@@@@@@@@@@@@@@@@@@@@@@@@@@@@@@@@@@@
[16:36:42] [main/TRACE] [REI] [REIServerPlugin START] Reloading Section: "start-reload/"
[16:36:42] [main/TRACE] [REI] [REIServerPlugin START] Reloading Section: "start-reload/MenuInfoRegistryImpl/"
[16:36:42] [main/TRACE] [REI] [REIServerPlugin START] Reloading Section: "start-reload/MenuInfoRegistryImpl/" done in 9.638 μs
[16:36:42] [main/TRACE] [REI] [REIServerPlugin START] Reloading Section: "start-reload/SlotAccessorRegistryImpl/"
[16:36:42] [main/TRACE] [REI] [REIServerPlugin START] Reloading Section: "start-reload/SlotAccessorRegistryImpl/" done in 7.093 μs
[16:36:42] [main/TRACE] [REI] [REIServerPlugin START] Reloading Section: "start-reload/" done in 240.2 μs
[16:36:42] [main/DEBUG] [REI] ========================================
[16:36:42] [main/DEBUG] [REI] REIServerPlugin started main-reload for START.
[16:36:42] [main/DEBUG] [REI] ========================================
[16:36:42] [main/TRACE] [REI] [REIServerPlugin START] Reloading Section: "reloadable-plugin/MenuInfoRegistryImpl/"
[16:36:42] [main/TRACE] [REI] [REIServerPlugin START] Reloading Section: "reloadable-plugin/MenuInfoRegistryImpl/DefaultPlugin of DefaultPlugin [roughlyenoughitems]/"
[16:36:42] [main/TRACE] [REI] [REIServerPlugin START] Reloading Section: "reloadable-plugin/MenuInfoRegistryImpl/DefaultPlugin of DefaultPlugin [roughlyenoughitems]/" done in 10.55 μs
[16:36:42] [main/TRACE] [REI] [REIServerPlugin START] Reloading Section: "reloadable-plugin/MenuInfoRegistryImpl/FabricFluidAPISupportPlugin/"
[16:36:42] [main/TRACE] [REI] [REIServerPlugin START] Reloading Section: "reloadable-plugin/MenuInfoRegistryImpl/FabricFluidAPISupportPlugin/" done in 40.54 μs
[16:36:42] [main/TRACE] [REI] [REIServerPlugin START] Reloading Section: "reloadable-plugin/MenuInfoRegistryImpl/DefaultRuntimePlugin of DefaultRuntimePlugin [roughlyenoughitems]/"
[16:36:42] [main/TRACE] [REI] [REIServerPlugin START] Reloading Section: "reloadable-plugin/MenuInfoRegistryImpl/DefaultRuntimePlugin of DefaultRuntimePlugin [roughlyenoughitems]/" done in 10.56 μs
[16:36:42] [main/TRACE] [REI] [REIServerPlugin START] Reloading Section: "reloadable-plugin/MenuInfoRegistryImpl/" done in 460.5 μs
[16:36:42] [main/TRACE] [REI] [REIServerPlugin START] Reloading Section: "reloadable-plugin/SlotAccessorRegistryImpl/"
[16:36:42] [main/TRACE] [REI] [REIServerPlugin START] Reloading Section: "reloadable-plugin/SlotAccessorRegistryImpl/DefaultPlugin of DefaultPlugin [roughlyenoughitems]/"
[16:36:42] [main/TRACE] [REI] [REIServerPlugin START] Reloading Section: "reloadable-plugin/SlotAccessorRegistryImpl/DefaultPlugin of DefaultPlugin [roughlyenoughitems]/" done in 11.99 μs
[16:36:42] [main/TRACE] [REI] [REIServerPlugin START] Reloading Section: "reloadable-plugin/SlotAccessorRegistryImpl/FabricFluidAPISupportPlugin/"
[16:36:42] [main/TRACE] [REI] [REIServerPlugin START] Reloading Section: "reloadable-plugin/SlotAccessorRegistryImpl/FabricFluidAPISupportPlugin/" done in 13.53 μs
[16:36:42] [main/TRACE] [REI] [REIServerPlugin START] Reloading Section: "reloadable-plugin/SlotAccessorRegistryImpl/DefaultRuntimePlugin of DefaultRuntimePlugin [roughlyenoughitems]/"
[16:36:42] [main/TRACE] [REI] [REIServerPlugin START] Reloading Section: "reloadable-plugin/SlotAccessorRegistryImpl/DefaultRuntimePlugin of DefaultRuntimePlugin [roughlyenoughitems]/" done in 12.08 μs
[16:36:42] [main/TRACE] [REI] [REIServerPlugin START] Reloading Section: "reloadable-plugin/SlotAccessorRegistryImpl/" done in 529.7 μs
[16:36:42] [main/DEBUG] [REI] ========================================
[16:36:42] [main/DEBUG] [REI] REIServerPlugin ending main-reload for START.
[16:36:42] [main/DEBUG] [REI] ========================================
[16:36:42] [main/TRACE] [REI] [REIServerPlugin START] Reloading Section: "end-reload/"
[16:36:42] [main/TRACE] [REI] [REIServerPlugin START] Reloading Section: "end-reload/MenuInfoRegistryImpl/"
[16:36:42] [main/TRACE] [REI] [REIServerPlugin START] Reloading Section: "end-reload/MenuInfoRegistryImpl/" done in 8.375 μs
[16:36:42] [main/TRACE] [REI] [REIServerPlugin START] Reloading Section: "end-reload/SlotAccessorRegistryImpl/"
[16:36:42] [main/TRACE] [REI] [REIServerPlugin START] Reloading Section: "end-reload/SlotAccessorRegistryImpl/" done in 7.494 μs
[16:36:42] [main/TRACE] [REI] [REIServerPlugin START] Reloading Section: "end-reload/" done in 259.9 μs
[16:36:42] [main/DEBUG] [REI] ========================================
[16:36:42] [main/DEBUG] [REI] REIServerPlugin ended main-reload for START in 3.739 ms.
[16:36:42] [main/DEBUG] [REI] ========================================
[16:36:42] [main/DEBUG] [REI] ========================================
[16:36:42] [main/DEBUG] [REI] REIPlugin starting post-reload for START.
[16:36:42] [main/DEBUG] [REI] Reloadables (7):
[16:36:42] [main/DEBUG] [REI]  - EntryTypeRegistryImpl
[16:36:42] [main/DEBUG] [REI]  - EntrySettingsAdapterRegistryImpl
[16:36:42] [main/DEBUG] [REI]  - RecipeManagerContextImpl
[16:36:42] [main/DEBUG] [REI]  - ItemComparatorRegistryImpl
[16:36:42] [main/DEBUG] [REI]  - FluidComparatorRegistryImpl
[16:36:42] [main/DEBUG] [REI]  - DisplaySerializerRegistryImpl
[16:36:42] [main/DEBUG] [REI]  - FluidSupportProviderImpl
[16:36:42] [main/DEBUG] [REI] Plugins (3):
[16:36:42] [main/DEBUG] [REI]  - (-100.00) DefaultPlugin of DefaultPlugin [roughlyenoughitems]
[16:36:42] [main/DEBUG] [REI]  - (0.00) FabricFluidAPISupportPlugin
[16:36:42] [main/DEBUG] [REI]  - (0.00) DefaultRuntimePlugin of DefaultRuntimePlugin [roughlyenoughitems]
[16:36:42] [main/DEBUG] [REI] ========================================
[16:36:42] [main/TRACE] [REI] [REIPlugin START] Reloading Section: "post-register/"
[16:36:42] [main/TRACE] [REI] [REIPlugin START] Reloading Section: "post-register/DefaultPlugin of DefaultPlugin [roughlyenoughitems]/"
[16:36:42] [main/TRACE] [REI] [REIPlugin START] Reloading Section: "post-register/DefaultPlugin of DefaultPlugin [roughlyenoughitems]/" done in 159.7 μs
[16:36:42] [main/TRACE] [REI] [REIPlugin START] Reloading Section: "post-register/FabricFluidAPISupportPlugin/"
[16:36:42] [main/TRACE] [REI] [REIPlugin START] Reloading Section: "post-register/FabricFluidAPISupportPlugin/" done in 9.889 μs
[16:36:42] [main/TRACE] [REI] [REIPlugin START] Reloading Section: "post-register/DefaultRuntimePlugin of DefaultRuntimePlugin [roughlyenoughitems]/"
[16:36:42] [main/TRACE] [REI] [REIPlugin START] Reloading Section: "post-register/DefaultRuntimePlugin of DefaultRuntimePlugin [roughlyenoughitems]/" done in 8.947 μs
[16:36:42] [main/TRACE] [REI] [REIPlugin START] Reloading Section: "post-register/" done in 883.1 μs
[16:36:42] [main/TRACE] [REI] [REIPlugin START] Reloading Section: "post-stage/"
[16:36:42] [main/TRACE] [REI] [REIPlugin START] Reloading Section: "post-stage/EntryTypeRegistryImpl/"
[16:36:42] [main/TRACE] [REI] [REIPlugin START] Reloading Section: "post-stage/EntryTypeRegistryImpl/" done in 12.48 μs
[16:36:42] [main/TRACE] [REI] [REIPlugin START] Reloading Section: "post-stage/EntrySettingsAdapterRegistryImpl/"
[16:36:42] [main/TRACE] [REI] [REIPlugin START] Reloading Section: "post-stage/EntrySettingsAdapterRegistryImpl/" done in 6.221 μs
[16:36:42] [main/TRACE] [REI] [REIPlugin START] Reloading Section: "post-stage/RecipeManagerContextImpl/"
[16:36:42] [main/TRACE] [REI] [REIPlugin START] Reloading Section: "post-stage/RecipeManagerContextImpl/" done in 6.152 μs
[16:36:42] [main/TRACE] [REI] [REIPlugin START] Reloading Section: "post-stage/ItemComparatorRegistryImpl/"
[16:36:42] [main/TRACE] [REI] [REIPlugin START] Reloading Section: "post-stage/ItemComparatorRegistryImpl/" done in 5.791 μs
[16:36:42] [main/TRACE] [REI] [REIPlugin START] Reloading Section: "post-stage/FluidComparatorRegistryImpl/"
[16:36:42] [main/TRACE] [REI] [REIPlugin START] Reloading Section: "post-stage/FluidComparatorRegistryImpl/" done in 5.641 μs
[16:36:42] [main/TRACE] [REI] [REIPlugin START] Reloading Section: "post-stage/DisplaySerializerRegistryImpl/"
[16:36:42] [main/TRACE] [REI] [REIPlugin START] Reloading Section: "post-stage/DisplaySerializerRegistryImpl/" done in 5.741 μs
[16:36:42] [main/TRACE] [REI] [REIPlugin START] Reloading Section: "post-stage/FluidSupportProviderImpl/"
[16:36:42] [main/TRACE] [REI] [REIPlugin START] Reloading Section: "post-stage/FluidSupportProviderImpl/" done in 5.650 μs
[16:36:42] [main/TRACE] [REI] [REIPlugin START] Reloading Section: "post-stage/" done in 659.8 μs
[16:36:42] [main/DEBUG] [REI] ========================================
[16:36:42] [main/INFO] [REI] REIPlugin finished post-reload for START in 1.761 ms, totaling 38.22 ms.
[16:36:42] [main/DEBUG] [REI] ========================================
[16:36:42] [main/DEBUG] [REI] ========================================
[16:36:42] [main/DEBUG] [REI] REIServerPlugin starting post-reload for START.
[16:36:42] [main/DEBUG] [REI] Reloadables (2):
[16:36:42] [main/DEBUG] [REI]  - MenuInfoRegistryImpl
[16:36:42] [main/DEBUG] [REI]  - SlotAccessorRegistryImpl
[16:36:42] [main/DEBUG] [REI] Plugins (3):
[16:36:42] [main/DEBUG] [REI]  - (-100.00) DefaultPlugin of DefaultPlugin [roughlyenoughitems]
[16:36:42] [main/DEBUG] [REI]  - (0.00) FabricFluidAPISupportPlugin
[16:36:42] [main/DEBUG] [REI]  - (0.00) DefaultRuntimePlugin of DefaultRuntimePlugin [roughlyenoughitems]
[16:36:42] [main/DEBUG] [REI] ========================================
[16:36:42] [main/TRACE] [REI] [REIServerPlugin START] Reloading Section: "post-register/"
[16:36:42] [main/TRACE] [REI] [REIServerPlugin START] Reloading Section: "post-register/DefaultPlugin of DefaultPlugin [roughlyenoughitems]/"
[16:36:42] [main/TRACE] [REI] [REIServerPlugin START] Reloading Section: "post-register/DefaultPlugin of DefaultPlugin [roughlyenoughitems]/" done in 10.86 μs
[16:36:42] [main/TRACE] [REI] [REIServerPlugin START] Reloading Section: "post-register/FabricFluidAPISupportPlugin/"
[16:36:42] [main/TRACE] [REI] [REIServerPlugin START] Reloading Section: "post-register/FabricFluidAPISupportPlugin/" done in 8.527 μs
[16:36:42] [main/TRACE] [REI] [REIServerPlugin START] Reloading Section: "post-register/DefaultRuntimePlugin of DefaultRuntimePlugin [roughlyenoughitems]/"
[16:36:42] [main/TRACE] [REI] [REIServerPlugin START] Reloading Section: "post-register/DefaultRuntimePlugin of DefaultRuntimePlugin [roughlyenoughitems]/" done in 9.017 μs
[16:36:42] [main/TRACE] [REI] [REIServerPlugin START] Reloading Section: "post-register/" done in 293.5 μs
[16:36:42] [main/TRACE] [REI] [REIServerPlugin START] Reloading Section: "post-stage/"
[16:36:42] [main/TRACE] [REI] [REIServerPlugin START] Reloading Section: "post-stage/MenuInfoRegistryImpl/"
[16:36:42] [main/TRACE] [REI] [REIServerPlugin START] Reloading Section: "post-stage/MenuInfoRegistryImpl/" done in 7.114 μs
[16:36:42] [main/TRACE] [REI] [REIServerPlugin START] Reloading Section: "post-stage/SlotAccessorRegistryImpl/"
[16:36:42] [main/TRACE] [REI] [REIServerPlugin START] Reloading Section: "post-stage/SlotAccessorRegistryImpl/" done in 5.440 μs
[16:36:42] [main/TRACE] [REI] [REIServerPlugin START] Reloading Section: "post-stage/" done in 153.0 μs
[16:36:42] [main/DEBUG] [REI] ========================================
[16:36:42] [main/INFO] [REI] REIServerPlugin finished post-reload for START in 585.9 μs, totaling 5.373 ms.
[16:36:42] [main/DEBUG] [REI] ========================================
[16:36:42] [main/DEBUG] [REI] ========================================
[16:36:42] [main/DEBUG] [REI] REIPlugin starting pre-reload for END.
[16:36:42] [main/DEBUG] [REI] Reloadables (7):
[16:36:42] [main/DEBUG] [REI]  - EntryTypeRegistryImpl
[16:36:42] [main/DEBUG] [REI]  - EntrySettingsAdapterRegistryImpl
[16:36:42] [main/DEBUG] [REI]  - RecipeManagerContextImpl
[16:36:42] [main/DEBUG] [REI]  - ItemComparatorRegistryImpl
[16:36:42] [main/DEBUG] [REI]  - FluidComparatorRegistryImpl
[16:36:42] [main/DEBUG] [REI]  - DisplaySerializerRegistryImpl
[16:36:42] [main/DEBUG] [REI]  - FluidSupportProviderImpl
[16:36:42] [main/DEBUG] [REI] Plugins (3):
[16:36:42] [main/DEBUG] [REI]  - (-100.00) DefaultPlugin of DefaultPlugin [roughlyenoughitems]
[16:36:42] [main/DEBUG] [REI]  - (0.00) FabricFluidAPISupportPlugin
[16:36:42] [main/DEBUG] [REI]  - (0.00) DefaultRuntimePlugin of DefaultRuntimePlugin [roughlyenoughitems]
[16:36:42] [main/DEBUG] [REI] ========================================
[16:36:42] [main/TRACE] [REI] [REIPlugin END] Reloading Section: "pre-register/"
[16:36:42] [main/TRACE] [REI] [REIPlugin END] Reloading Section: "pre-register/DefaultPlugin of DefaultPlugin [roughlyenoughitems]/"
[16:36:42] [main/TRACE] [REI] [REIPlugin END] Reloading Section: "pre-register/DefaultPlugin of DefaultPlugin [roughlyenoughitems]/" done in 9.598 μs
[16:36:42] [main/TRACE] [REI] [REIPlugin END] Reloading Section: "pre-register/FabricFluidAPISupportPlugin/"
[16:36:42] [main/TRACE] [REI] [REIPlugin END] Reloading Section: "pre-register/FabricFluidAPISupportPlugin/" done in 8.486 μs
[16:36:42] [main/TRACE] [REI] [REIPlugin END] Reloading Section: "pre-register/DefaultRuntimePlugin of DefaultRuntimePlugin [roughlyenoughitems]/"
[16:36:42] [main/TRACE] [REI] [REIPlugin END] Reloading Section: "pre-register/DefaultRuntimePlugin of DefaultRuntimePlugin [roughlyenoughitems]/" done in 7.524 μs
[16:36:42] [main/TRACE] [REI] [REIPlugin END] Reloading Section: "pre-register/" done in 294.4 μs
[16:36:42] [main/TRACE] [REI] [REIPlugin END] Reloading Section: "pre-stage/"
[16:36:42] [main/TRACE] [REI] [REIPlugin END] Reloading Section: "pre-stage/EntryTypeRegistryImpl/"
[16:36:42] [main/TRACE] [REI] [REIPlugin END] Reloading Section: "pre-stage/EntryTypeRegistryImpl/" done in 7.403 μs
[16:36:42] [main/TRACE] [REI] [REIPlugin END] Reloading Section: "pre-stage/EntrySettingsAdapterRegistryImpl/"
[16:36:42] [main/TRACE] [REI] [REIPlugin END] Reloading Section: "pre-stage/EntrySettingsAdapterRegistryImpl/" done in 6.603 μs
[16:36:42] [main/TRACE] [REI] [REIPlugin END] Reloading Section: "pre-stage/RecipeManagerContextImpl/"
[16:36:42] [main/TRACE] [REI] [REIPlugin END] Reloading Section: "pre-stage/RecipeManagerContextImpl/" done in 7.554 μs
[16:36:42] [main/TRACE] [REI] [REIPlugin END] Reloading Section: "pre-stage/ItemComparatorRegistryImpl/"
[16:36:42] [main/TRACE] [REI] [REIPlugin END] Reloading Section: "pre-stage/ItemComparatorRegistryImpl/" done in 6.282 μs
[16:36:42] [main/TRACE] [REI] [REIPlugin END] Reloading Section: "pre-stage/FluidComparatorRegistryImpl/"
[16:36:42] [main/TRACE] [REI] [REIPlugin END] Reloading Section: "pre-stage/FluidComparatorRegistryImpl/" done in 6.051 μs
[16:36:42] [main/TRACE] [REI] [REIPlugin END] Reloading Section: "pre-stage/DisplaySerializerRegistryImpl/"
[16:36:42] [main/TRACE] [REI] [REIPlugin END] Reloading Section: "pre-stage/DisplaySerializerRegistryImpl/" done in 5.821 μs
[16:36:42] [main/TRACE] [REI] [REIPlugin END] Reloading Section: "pre-stage/FluidSupportProviderImpl/"
[16:36:42] [main/TRACE] [REI] [REIPlugin END] Reloading Section: "pre-stage/FluidSupportProviderImpl/" done in 7.033 μs
[16:36:42] [main/TRACE] [REI] [REIPlugin END] Reloading Section: "pre-stage/" done in 700.3 μs
[16:36:42] [main/DEBUG] [REI] ========================================
[16:36:42] [main/DEBUG] [REI] REIPlugin finished pre-reload for END in 1.157 ms.
[16:36:42] [main/DEBUG] [REI] ========================================
[16:36:42] [main/DEBUG] [REI] ========================================
[16:36:42] [main/DEBUG] [REI] REIServerPlugin starting pre-reload for END.
[16:36:42] [main/DEBUG] [REI] Reloadables (2):
[16:36:42] [main/DEBUG] [REI]  - MenuInfoRegistryImpl
[16:36:42] [main/DEBUG] [REI]  - SlotAccessorRegistryImpl
[16:36:42] [main/DEBUG] [REI] Plugins (3):
[16:36:42] [main/DEBUG] [REI]  - (-100.00) DefaultPlugin of DefaultPlugin [roughlyenoughitems]
[16:36:42] [main/DEBUG] [REI]  - (0.00) FabricFluidAPISupportPlugin
[16:36:42] [main/DEBUG] [REI]  - (0.00) DefaultRuntimePlugin of DefaultRuntimePlugin [roughlyenoughitems]
[16:36:42] [main/DEBUG] [REI] ========================================
[16:36:42] [main/TRACE] [REI] [REIServerPlugin END] Reloading Section: "pre-register/"
[16:36:42] [main/TRACE] [REI] [REIServerPlugin END] Reloading Section: "pre-register/DefaultPlugin of DefaultPlugin [roughlyenoughitems]/"
[16:36:42] [main/TRACE] [REI] [REIServerPlugin END] Reloading Section: "pre-register/DefaultPlugin of DefaultPlugin [roughlyenoughitems]/" done in 8.947 μs
[16:36:42] [main/TRACE] [REI] [REIServerPlugin END] Reloading Section: "pre-register/FabricFluidAPISupportPlugin/"
[16:36:42] [main/TRACE] [REI] [REIServerPlugin END] Reloading Section: "pre-register/FabricFluidAPISupportPlugin/" done in 8.436 μs
[16:36:42] [main/TRACE] [REI] [REIServerPlugin END] Reloading Section: "pre-register/DefaultRuntimePlugin of DefaultRuntimePlugin [roughlyenoughitems]/"
[16:36:42] [main/TRACE] [REI] [REIServerPlugin END] Reloading Section: "pre-register/DefaultRuntimePlugin of DefaultRuntimePlugin [roughlyenoughitems]/" done in 6.833 μs
[16:36:42] [main/TRACE] [REI] [REIServerPlugin END] Reloading Section: "pre-register/" done in 223.9 μs
[16:36:42] [main/TRACE] [REI] [REIServerPlugin END] Reloading Section: "pre-stage/"
[16:36:42] [main/TRACE] [REI] [REIServerPlugin END] Reloading Section: "pre-stage/MenuInfoRegistryImpl/"
[16:36:42] [main/TRACE] [REI] [REIServerPlugin END] Reloading Section: "pre-stage/MenuInfoRegistryImpl/" done in 6.823 μs
[16:36:42] [main/TRACE] [REI] [REIServerPlugin END] Reloading Section: "pre-stage/SlotAccessorRegistryImpl/"
[16:36:42] [main/TRACE] [REI] [REIServerPlugin END] Reloading Section: "pre-stage/SlotAccessorRegistryImpl/" done in 5.320 μs
[16:36:42] [main/TRACE] [REI] [REIServerPlugin END] Reloading Section: "pre-stage/" done in 125.8 μs
[16:36:42] [main/DEBUG] [REI] ========================================
[16:36:42] [main/DEBUG] [REI] REIServerPlugin finished pre-reload for END in 461.2 μs.
[16:36:42] [main/DEBUG] [REI] ========================================
[16:36:42] [main/INFO] [REI] @@@@@@@@@@@@@@@@@@@@@@@@@@@@@@@@@@@@@@@@
[16:36:42] [main/INFO] [REI] REIPlugin starting main-reload for END.
[16:36:42] [main/DEBUG] [REI] Reloadables (7):
[16:36:42] [main/DEBUG] [REI]  - EntryTypeRegistryImpl
[16:36:42] [main/DEBUG] [REI]  - EntrySettingsAdapterRegistryImpl
[16:36:42] [main/DEBUG] [REI]  - RecipeManagerContextImpl
[16:36:42] [main/DEBUG] [REI]  - ItemComparatorRegistryImpl
[16:36:42] [main/DEBUG] [REI]  - FluidComparatorRegistryImpl
[16:36:42] [main/DEBUG] [REI]  - DisplaySerializerRegistryImpl
[16:36:42] [main/DEBUG] [REI]  - FluidSupportProviderImpl
[16:36:42] [main/INFO] [REI] Plugins (3):
[16:36:42] [main/INFO] [REI]  - (-100.00) DefaultPlugin of DefaultPlugin [roughlyenoughitems]
[16:36:42] [main/INFO] [REI]  - (0.00) FabricFluidAPISupportPlugin
[16:36:42] [main/INFO] [REI]  - (0.00) DefaultRuntimePlugin of DefaultRuntimePlugin [roughlyenoughitems]
[16:36:42] [main/INFO] [REI] @@@@@@@@@@@@@@@@@@@@@@@@@@@@@@@@@@@@@@@@
[16:36:42] [main/TRACE] [REI] [REIPlugin END] Reloading Section: "start-reload/"
[16:36:42] [main/TRACE] [REI] [REIPlugin END] Reloading Section: "start-reload/EntryTypeRegistryImpl/"
[16:36:42] [main/TRACE] [REI] [REIPlugin END] Reloading Section: "start-reload/EntryTypeRegistryImpl/" done in 7.615 μs
[16:36:42] [main/TRACE] [REI] [REIPlugin END] Reloading Section: "start-reload/EntrySettingsAdapterRegistryImpl/"
[16:36:42] [main/TRACE] [REI] [REIPlugin END] Reloading Section: "start-reload/EntrySettingsAdapterRegistryImpl/" done in 20.54 μs
[16:36:42] [main/TRACE] [REI] [REIPlugin END] Reloading Section: "start-reload/RecipeManagerContextImpl/"
[16:36:42] [main/TRACE] [REI] [REIPlugin END] Reloading Section: "start-reload/RecipeManagerContextImpl/" done in 33.59 μs
[16:36:42] [main/TRACE] [REI] [REIPlugin END] Reloading Section: "start-reload/ItemComparatorRegistryImpl/"
[16:36:42] [main/TRACE] [REI] [REIPlugin END] Reloading Section: "start-reload/ItemComparatorRegistryImpl/" done in 6.843 μs
[16:36:42] [main/TRACE] [REI] [REIPlugin END] Reloading Section: "start-reload/FluidComparatorRegistryImpl/"
[16:36:42] [main/TRACE] [REI] [REIPlugin END] Reloading Section: "start-reload/FluidComparatorRegistryImpl/" done in 6.853 μs
[16:36:42] [main/TRACE] [REI] [REIPlugin END] Reloading Section: "start-reload/DisplaySerializerRegistryImpl/"
[16:36:42] [main/TRACE] [REI] [REIPlugin END] Reloading Section: "start-reload/DisplaySerializerRegistryImpl/" done in 15.17 μs
[16:36:42] [main/TRACE] [REI] [REIPlugin END] Reloading Section: "start-reload/FluidSupportProviderImpl/"
[16:36:42] [main/TRACE] [REI] [REIPlugin END] Reloading Section: "start-reload/FluidSupportProviderImpl/" done in 6.462 μs
[16:36:42] [main/TRACE] [REI] [REIPlugin END] Reloading Section: "start-reload/" done in 839.2 μs
[16:36:42] [main/DEBUG] [REI] ========================================
[16:36:42] [main/DEBUG] [REI] REIPlugin started main-reload for END.
[16:36:42] [main/DEBUG] [REI] ========================================
[16:36:42] [main/TRACE] [REI] [REIPlugin END] Reloading Section: "reloadable-plugin/EntryTypeRegistryImpl/"
[16:36:42] [main/TRACE] [REI] [REIPlugin END] Reloading Section: "reloadable-plugin/EntryTypeRegistryImpl/DefaultPlugin of DefaultPlugin [roughlyenoughitems]/"
[16:36:42] [main/TRACE] [REI] [REIPlugin END] Reloading Section: "reloadable-plugin/EntryTypeRegistryImpl/DefaultPlugin of DefaultPlugin [roughlyenoughitems]/" done in 14.16 μs
[16:36:42] [main/TRACE] [REI] [REIPlugin END] Reloading Section: "reloadable-plugin/EntryTypeRegistryImpl/FabricFluidAPISupportPlugin/"
[16:36:42] [main/TRACE] [REI] [REIPlugin END] Reloading Section: "reloadable-plugin/EntryTypeRegistryImpl/FabricFluidAPISupportPlugin/" done in 13.87 μs
[16:36:42] [main/TRACE] [REI] [REIPlugin END] Reloading Section: "reloadable-plugin/EntryTypeRegistryImpl/DefaultRuntimePlugin of DefaultRuntimePlugin [roughlyenoughitems]/"
[16:36:42] [main/TRACE] [REI] [REIPlugin END] Reloading Section: "reloadable-plugin/EntryTypeRegistryImpl/DefaultRuntimePlugin of DefaultRuntimePlugin [roughlyenoughitems]/" done in 12.51 μs
[16:36:42] [main/TRACE] [REI] [REIPlugin END] Reloading Section: "reloadable-plugin/EntryTypeRegistryImpl/" done in 429.6 μs
[16:36:42] [main/TRACE] [REI] [REIPlugin END] Reloading Section: "reloadable-plugin/EntrySettingsAdapterRegistryImpl/"
[16:36:42] [main/TRACE] [REI] [REIPlugin END] Reloading Section: "reloadable-plugin/EntrySettingsAdapterRegistryImpl/DefaultPlugin of DefaultPlugin [roughlyenoughitems]/"
[16:36:42] [main/TRACE] [REI] [REIPlugin END] Reloading Section: "reloadable-plugin/EntrySettingsAdapterRegistryImpl/DefaultPlugin of DefaultPlugin [roughlyenoughitems]/" done in 21.12 μs
[16:36:42] [main/TRACE] [REI] [REIPlugin END] Reloading Section: "reloadable-plugin/EntrySettingsAdapterRegistryImpl/FabricFluidAPISupportPlugin/"
[16:36:42] [main/TRACE] [REI] [REIPlugin END] Reloading Section: "reloadable-plugin/EntrySettingsAdapterRegistryImpl/FabricFluidAPISupportPlugin/" done in 11.86 μs
[16:36:42] [main/TRACE] [REI] [REIPlugin END] Reloading Section: "reloadable-plugin/EntrySettingsAdapterRegistryImpl/DefaultRuntimePlugin of DefaultRuntimePlugin [roughlyenoughitems]/"
[16:36:42] [main/TRACE] [REI] [REIPlugin END] Reloading Section: "reloadable-plugin/EntrySettingsAdapterRegistryImpl/DefaultRuntimePlugin of DefaultRuntimePlugin [roughlyenoughitems]/" done in 12.86 μs
[16:36:42] [main/TRACE] [REI] [REIPlugin END] Reloading Section: "reloadable-plugin/EntrySettingsAdapterRegistryImpl/" done in 409.4 μs
[16:36:42] [main/TRACE] [REI] [REIPlugin END] Reloading Section: "reloadable-plugin/RecipeManagerContextImpl/"
[16:36:42] [main/TRACE] [REI] [REIPlugin END] Reloading Section: "reloadable-plugin/RecipeManagerContextImpl/DefaultPlugin of DefaultPlugin [roughlyenoughitems]/"
[16:36:42] [main/TRACE] [REI] [REIPlugin END] Reloading Section: "reloadable-plugin/RecipeManagerContextImpl/DefaultPlugin of DefaultPlugin [roughlyenoughitems]/" done in 11.90 μs
[16:36:42] [main/TRACE] [REI] [REIPlugin END] Reloading Section: "reloadable-plugin/RecipeManagerContextImpl/FabricFluidAPISupportPlugin/"
[16:36:42] [main/TRACE] [REI] [REIPlugin END] Reloading Section: "reloadable-plugin/RecipeManagerContextImpl/FabricFluidAPISupportPlugin/" done in 15.54 μs
[16:36:42] [main/TRACE] [REI] [REIPlugin END] Reloading Section: "reloadable-plugin/RecipeManagerContextImpl/DefaultRuntimePlugin of DefaultRuntimePlugin [roughlyenoughitems]/"
[16:36:42] [main/TRACE] [REI] [REIPlugin END] Reloading Section: "reloadable-plugin/RecipeManagerContextImpl/DefaultRuntimePlugin of DefaultRuntimePlugin [roughlyenoughitems]/" done in 10.93 μs
[16:36:42] [main/TRACE] [REI] [REIPlugin END] Reloading Section: "reloadable-plugin/RecipeManagerContextImpl/" done in 343.9 μs
[16:36:42] [main/TRACE] [REI] [REIPlugin END] Reloading Section: "reloadable-plugin/ItemComparatorRegistryImpl/"
[16:36:42] [main/TRACE] [REI] [REIPlugin END] Reloading Section: "reloadable-plugin/ItemComparatorRegistryImpl/DefaultPlugin of DefaultPlugin [roughlyenoughitems]/"
[16:36:42] [main/TRACE] [REI] [REIPlugin END] Reloading Section: "reloadable-plugin/ItemComparatorRegistryImpl/DefaultPlugin of DefaultPlugin [roughlyenoughitems]/" done in 12.01 μs
[16:36:42] [main/TRACE] [REI] [REIPlugin END] Reloading Section: "reloadable-plugin/ItemComparatorRegistryImpl/FabricFluidAPISupportPlugin/"
[16:36:42] [main/TRACE] [REI] [REIPlugin END] Reloading Section: "reloadable-plugin/ItemComparatorRegistryImpl/FabricFluidAPISupportPlugin/" done in 12.30 μs
[16:36:42] [main/TRACE] [REI] [REIPlugin END] Reloading Section: "reloadable-plugin/ItemComparatorRegistryImpl/DefaultRuntimePlugin of DefaultRuntimePlugin [roughlyenoughitems]/"
[16:36:42] [main/TRACE] [REI] [REIPlugin END] Reloading Section: "reloadable-plugin/ItemComparatorRegistryImpl/DefaultRuntimePlugin of DefaultRuntimePlugin [roughlyenoughitems]/" done in 11.27 μs
[16:36:42] [main/TRACE] [REI] [REIPlugin END] Reloading Section: "reloadable-plugin/ItemComparatorRegistryImpl/" done in 360.4 μs
[16:36:42] [main/TRACE] [REI] [REIPlugin END] Reloading Section: "reloadable-plugin/FluidComparatorRegistryImpl/"
[16:36:42] [main/TRACE] [REI] [REIPlugin END] Reloading Section: "reloadable-plugin/FluidComparatorRegistryImpl/DefaultPlugin of DefaultPlugin [roughlyenoughitems]/"
[16:36:42] [main/TRACE] [REI] [REIPlugin END] Reloading Section: "reloadable-plugin/FluidComparatorRegistryImpl/DefaultPlugin of DefaultPlugin [roughlyenoughitems]/" done in 12.18 μs
[16:36:42] [main/TRACE] [REI] [REIPlugin END] Reloading Section: "reloadable-plugin/FluidComparatorRegistryImpl/FabricFluidAPISupportPlugin/"
[16:36:42] [main/TRACE] [REI] [REIPlugin END] Reloading Section: "reloadable-plugin/FluidComparatorRegistryImpl/FabricFluidAPISupportPlugin/" done in 14.61 μs
[16:36:42] [main/TRACE] [REI] [REIPlugin END] Reloading Section: "reloadable-plugin/FluidComparatorRegistryImpl/DefaultRuntimePlugin of DefaultRuntimePlugin [roughlyenoughitems]/"
[16:36:42] [main/TRACE] [REI] [REIPlugin END] Reloading Section: "reloadable-plugin/FluidComparatorRegistryImpl/DefaultRuntimePlugin of DefaultRuntimePlugin [roughlyenoughitems]/" done in 12.45 μs
[16:36:42] [main/TRACE] [REI] [REIPlugin END] Reloading Section: "reloadable-plugin/FluidComparatorRegistryImpl/" done in 439.9 μs
[16:36:42] [main/TRACE] [REI] [REIPlugin END] Reloading Section: "reloadable-plugin/DisplaySerializerRegistryImpl/"
[16:36:42] [main/TRACE] [REI] [REIPlugin END] Reloading Section: "reloadable-plugin/DisplaySerializerRegistryImpl/DefaultPlugin of DefaultPlugin [roughlyenoughitems]/"
[16:36:42] [main/TRACE] [REI] [REIPlugin END] Reloading Section: "reloadable-plugin/DisplaySerializerRegistryImpl/DefaultPlugin of DefaultPlugin [roughlyenoughitems]/" done in 23.05 ms
[16:36:42] [main/TRACE] [REI] [REIPlugin END] Reloading Section: "reloadable-plugin/DisplaySerializerRegistryImpl/FabricFluidAPISupportPlugin/"
[16:36:42] [main/TRACE] [REI] [REIPlugin END] Reloading Section: "reloadable-plugin/DisplaySerializerRegistryImpl/FabricFluidAPISupportPlugin/" done in 24.78 μs
[16:36:42] [main/TRACE] [REI] [REIPlugin END] Reloading Section: "reloadable-plugin/DisplaySerializerRegistryImpl/DefaultRuntimePlugin of DefaultRuntimePlugin [roughlyenoughitems]/"
[16:36:42] [main/TRACE] [REI] [REIPlugin END] Reloading Section: "reloadable-plugin/DisplaySerializerRegistryImpl/DefaultRuntimePlugin of DefaultRuntimePlugin [roughlyenoughitems]/" done in 13.84 μs
[16:36:42] [main/TRACE] [REI] [REIPlugin END] Reloading Section: "reloadable-plugin/DisplaySerializerRegistryImpl/" done in 23.62 ms
[16:36:42] [main/TRACE] [REI] [REIPlugin END] Reloading Section: "reloadable-plugin/FluidSupportProviderImpl/"
[16:36:42] [main/TRACE] [REI] [REIPlugin END] Reloading Section: "reloadable-plugin/FluidSupportProviderImpl/DefaultPlugin of DefaultPlugin [roughlyenoughitems]/"
[16:36:42] [main/TRACE] [REI] [REIPlugin END] Reloading Section: "reloadable-plugin/FluidSupportProviderImpl/DefaultPlugin of DefaultPlugin [roughlyenoughitems]/" done in 12.79 μs
[16:36:42] [main/TRACE] [REI] [REIPlugin END] Reloading Section: "reloadable-plugin/FluidSupportProviderImpl/FabricFluidAPISupportPlugin/"
[16:36:42] [main/TRACE] [REI] [REIPlugin END] Reloading Section: "reloadable-plugin/FluidSupportProviderImpl/FabricFluidAPISupportPlugin/" done in 13.93 μs
[16:36:42] [main/TRACE] [REI] [REIPlugin END] Reloading Section: "reloadable-plugin/FluidSupportProviderImpl/DefaultRuntimePlugin of DefaultRuntimePlugin [roughlyenoughitems]/"
[16:36:42] [main/TRACE] [REI] [REIPlugin END] Reloading Section: "reloadable-plugin/FluidSupportProviderImpl/DefaultRuntimePlugin of DefaultRuntimePlugin [roughlyenoughitems]/" done in 12.60 μs
[16:36:42] [main/TRACE] [REI] [REIPlugin END] Reloading Section: "reloadable-plugin/FluidSupportProviderImpl/" done in 434.8 μs
[16:36:42] [main/DEBUG] [REI] ========================================
[16:36:42] [main/DEBUG] [REI] REIPlugin ending main-reload for END.
[16:36:42] [main/DEBUG] [REI] ========================================
[16:36:42] [main/TRACE] [REI] [REIPlugin END] Reloading Section: "end-reload/"
[16:36:42] [main/TRACE] [REI] [REIPlugin END] Reloading Section: "end-reload/EntryTypeRegistryImpl/"
[16:36:42] [main/TRACE] [REI] [REIPlugin END] Reloading Section: "end-reload/EntryTypeRegistryImpl/" done in 8.155 μs
[16:36:42] [main/TRACE] [REI] [REIPlugin END] Reloading Section: "end-reload/EntrySettingsAdapterRegistryImpl/"
[16:36:42] [main/TRACE] [REI] [REIPlugin END] Reloading Section: "end-reload/EntrySettingsAdapterRegistryImpl/" done in 6.261 μs
[16:36:42] [main/TRACE] [REI] [REIPlugin END] Reloading Section: "end-reload/RecipeManagerContextImpl/"
[16:36:42] [main/TRACE] [REI] [REIPlugin END] Reloading Section: "end-reload/RecipeManagerContextImpl/" done in 6.853 μs
[16:36:42] [main/TRACE] [REI] [REIPlugin END] Reloading Section: "end-reload/ItemComparatorRegistryImpl/"
[16:36:42] [main/TRACE] [REI] [REIPlugin END] Reloading Section: "end-reload/ItemComparatorRegistryImpl/" done in 6.192 μs
[16:36:42] [main/TRACE] [REI] [REIPlugin END] Reloading Section: "end-reload/FluidComparatorRegistryImpl/"
[16:36:42] [main/TRACE] [REI] [REIPlugin END] Reloading Section: "end-reload/FluidComparatorRegistryImpl/" done in 6.362 μs
[16:36:42] [main/TRACE] [REI] [REIPlugin END] Reloading Section: "end-reload/DisplaySerializerRegistryImpl/"
[16:36:42] [main/TRACE] [REI] [REIPlugin END] Reloading Section: "end-reload/DisplaySerializerRegistryImpl/" done in 6.843 μs
[16:36:42] [main/TRACE] [REI] [REIPlugin END] Reloading Section: "end-reload/FluidSupportProviderImpl/"
[16:36:42] [main/TRACE] [REI] [REIPlugin END] Reloading Section: "end-reload/FluidSupportProviderImpl/" done in 18.08 μs
[16:36:42] [main/TRACE] [REI] [REIPlugin END] Reloading Section: "end-reload/" done in 649.8 μs
[16:36:42] [main/DEBUG] [REI] ========================================
[16:36:42] [main/DEBUG] [REI] REIPlugin ended main-reload for END in 30.62 ms.
[16:36:42] [main/DEBUG] [REI] ========================================
[16:36:42] [main/INFO] [REI] ########################################
[16:36:42] [main/INFO] [REI] REIServerPlugin starting main-reload for END.
[16:36:42] [main/DEBUG] [REI] Reloadables (2):
[16:36:42] [main/DEBUG] [REI]  - MenuInfoRegistryImpl
[16:36:42] [main/DEBUG] [REI]  - SlotAccessorRegistryImpl
[16:36:42] [main/INFO] [REI] Plugins (3):
[16:36:42] [main/INFO] [REI]  - (-100.00) DefaultPlugin of DefaultPlugin [roughlyenoughitems]
[16:36:42] [main/INFO] [REI]  - (0.00) FabricFluidAPISupportPlugin
[16:36:42] [main/INFO] [REI]  - (0.00) DefaultRuntimePlugin of DefaultRuntimePlugin [roughlyenoughitems]
[16:36:42] [main/INFO] [REI] ########################################
[16:36:42] [main/TRACE] [REI] [REIServerPlugin END] Reloading Section: "start-reload/"
[16:36:42] [main/TRACE] [REI] [REIServerPlugin END] Reloading Section: "start-reload/MenuInfoRegistryImpl/"
[16:36:42] [main/TRACE] [REI] [REIServerPlugin END] Reloading Section: "start-reload/MenuInfoRegistryImpl/" done in 31.09 μs
[16:36:42] [main/TRACE] [REI] [REIServerPlugin END] Reloading Section: "start-reload/SlotAccessorRegistryImpl/"
[16:36:42] [main/TRACE] [REI] [REIServerPlugin END] Reloading Section: "start-reload/SlotAccessorRegistryImpl/" done in 10.46 μs
[16:36:42] [main/TRACE] [REI] [REIServerPlugin END] Reloading Section: "start-reload/" done in 174.2 μs
[16:36:42] [main/DEBUG] [REI] ========================================
[16:36:42] [main/DEBUG] [REI] REIServerPlugin started main-reload for END.
[16:36:42] [main/DEBUG] [REI] ========================================
[16:36:42] [main/TRACE] [REI] [REIServerPlugin END] Reloading Section: "reloadable-plugin/MenuInfoRegistryImpl/"
[16:36:42] [main/TRACE] [REI] [REIServerPlugin END] Reloading Section: "reloadable-plugin/MenuInfoRegistryImpl/DefaultPlugin of DefaultPlugin [roughlyenoughitems]/"
[16:36:42] [main/TRACE] [REI] [REIServerPlugin END] Reloading Section: "reloadable-plugin/MenuInfoRegistryImpl/DefaultPlugin of DefaultPlugin [roughlyenoughitems]/" done in 17.82 μs
[16:36:42] [main/TRACE] [REI] [REIServerPlugin END] Reloading Section: "reloadable-plugin/MenuInfoRegistryImpl/FabricFluidAPISupportPlugin/"
[16:36:42] [main/TRACE] [REI] [REIServerPlugin END] Reloading Section: "reloadable-plugin/MenuInfoRegistryImpl/FabricFluidAPISupportPlugin/" done in 10.16 μs
[16:36:42] [main/TRACE] [REI] [REIServerPlugin END] Reloading Section: "reloadable-plugin/MenuInfoRegistryImpl/DefaultRuntimePlugin of DefaultRuntimePlugin [roughlyenoughitems]/"
[16:36:42] [main/TRACE] [REI] [REIServerPlugin END] Reloading Section: "reloadable-plugin/MenuInfoRegistryImpl/DefaultRuntimePlugin of DefaultRuntimePlugin [roughlyenoughitems]/" done in 9.658 μs
[16:36:42] [main/TRACE] [REI] [REIServerPlugin END] Reloading Section: "reloadable-plugin/MenuInfoRegistryImpl/" done in 260.1 μs
[16:36:42] [main/TRACE] [REI] [REIServerPlugin END] Reloading Section: "reloadable-plugin/SlotAccessorRegistryImpl/"
[16:36:42] [main/TRACE] [REI] [REIServerPlugin END] Reloading Section: "reloadable-plugin/SlotAccessorRegistryImpl/DefaultPlugin of DefaultPlugin [roughlyenoughitems]/"
[16:36:42] [main/TRACE] [REI] [REIServerPlugin END] Reloading Section: "reloadable-plugin/SlotAccessorRegistryImpl/DefaultPlugin of DefaultPlugin [roughlyenoughitems]/" done in 36.72 μs
[16:36:42] [main/TRACE] [REI] [REIServerPlugin END] Reloading Section: "reloadable-plugin/SlotAccessorRegistryImpl/FabricFluidAPISupportPlugin/"
[16:36:42] [main/TRACE] [REI] [REIServerPlugin END] Reloading Section: "reloadable-plugin/SlotAccessorRegistryImpl/FabricFluidAPISupportPlugin/" done in 10.67 μs
[16:36:42] [main/TRACE] [REI] [REIServerPlugin END] Reloading Section: "reloadable-plugin/SlotAccessorRegistryImpl/DefaultRuntimePlugin of DefaultRuntimePlugin [roughlyenoughitems]/"
[16:36:42] [main/DEBUG] [REI] Added slot accessor serializer: me.shedaniel.rei.plugin.common.runtime.DefaultRuntimePlugin$1@1435e88d [roughlyenoughitems:vanilla]
[16:36:42] [main/DEBUG] [REI] Added slot accessor serializer: me.shedaniel.rei.plugin.common.runtime.DefaultRuntimePlugin$2@56a4acdd [roughlyenoughitems:player]
[16:36:42] [main/TRACE] [REI] [REIServerPlugin END] Reloading Section: "reloadable-plugin/SlotAccessorRegistryImpl/DefaultRuntimePlugin of DefaultRuntimePlugin [roughlyenoughitems]/" done in 1.885 ms
[16:36:42] [main/TRACE] [REI] [REIServerPlugin END] Reloading Section: "reloadable-plugin/SlotAccessorRegistryImpl/" done in 2.233 ms
[16:36:42] [main/DEBUG] [REI] ========================================
[16:36:42] [main/DEBUG] [REI] REIServerPlugin ending main-reload for END.
[16:36:42] [main/DEBUG] [REI] ========================================
[16:36:42] [main/TRACE] [REI] [REIServerPlugin END] Reloading Section: "end-reload/"
[16:36:42] [main/TRACE] [REI] [REIServerPlugin END] Reloading Section: "end-reload/MenuInfoRegistryImpl/"
[16:36:42] [main/DEBUG] [REI] Registered 0 menu infos
[16:36:42] [main/TRACE] [REI] [REIServerPlugin END] Reloading Section: "end-reload/MenuInfoRegistryImpl/" done in 52.68 μs
[16:36:42] [main/TRACE] [REI] [REIServerPlugin END] Reloading Section: "end-reload/SlotAccessorRegistryImpl/"
[16:36:42] [main/DEBUG] [REI] Registered 2 slot accessor serializers
[16:36:42] [main/TRACE] [REI] [REIServerPlugin END] Reloading Section: "end-reload/SlotAccessorRegistryImpl/" done in 37.49 μs
[16:36:42] [main/TRACE] [REI] [REIServerPlugin END] Reloading Section: "end-reload/" done in 253.4 μs
[16:36:42] [main/DEBUG] [REI] ========================================
[16:36:42] [main/DEBUG] [REI] REIServerPlugin ended main-reload for END in 5.388 ms.
[16:36:42] [main/DEBUG] [REI] ========================================
[16:36:42] [main/DEBUG] [REI] ========================================
[16:36:42] [main/DEBUG] [REI] REIPlugin starting post-reload for END.
[16:36:42] [main/DEBUG] [REI] Reloadables (7):
[16:36:42] [main/DEBUG] [REI]  - EntryTypeRegistryImpl
[16:36:42] [main/DEBUG] [REI]  - EntrySettingsAdapterRegistryImpl
[16:36:42] [main/DEBUG] [REI]  - RecipeManagerContextImpl
[16:36:42] [main/DEBUG] [REI]  - ItemComparatorRegistryImpl
[16:36:42] [main/DEBUG] [REI]  - FluidComparatorRegistryImpl
[16:36:42] [main/DEBUG] [REI]  - DisplaySerializerRegistryImpl
[16:36:42] [main/DEBUG] [REI]  - FluidSupportProviderImpl
[16:36:42] [main/DEBUG] [REI] Plugins (3):
[16:36:42] [main/DEBUG] [REI]  - (-100.00) DefaultPlugin of DefaultPlugin [roughlyenoughitems]
[16:36:42] [main/DEBUG] [REI]  - (0.00) FabricFluidAPISupportPlugin
[16:36:42] [main/DEBUG] [REI]  - (0.00) DefaultRuntimePlugin of DefaultRuntimePlugin [roughlyenoughitems]
[16:36:42] [main/DEBUG] [REI] ========================================
[16:36:42] [main/TRACE] [REI] [REIPlugin END] Reloading Section: "post-register/"
[16:36:42] [main/TRACE] [REI] [REIPlugin END] Reloading Section: "post-register/DefaultPlugin of DefaultPlugin [roughlyenoughitems]/"
[16:36:42] [main/TRACE] [REI] [REIPlugin END] Reloading Section: "post-register/DefaultPlugin of DefaultPlugin [roughlyenoughitems]/" done in 9.758 μs
[16:36:42] [main/TRACE] [REI] [REIPlugin END] Reloading Section: "post-register/FabricFluidAPISupportPlugin/"
[16:36:42] [main/TRACE] [REI] [REIPlugin END] Reloading Section: "post-register/FabricFluidAPISupportPlugin/" done in 6.783 μs
[16:36:42] [main/TRACE] [REI] [REIPlugin END] Reloading Section: "post-register/DefaultRuntimePlugin of DefaultRuntimePlugin [roughlyenoughitems]/"
[16:36:42] [main/TRACE] [REI] [REIPlugin END] Reloading Section: "post-register/DefaultRuntimePlugin of DefaultRuntimePlugin [roughlyenoughitems]/" done in 6.622 μs
[16:36:42] [main/TRACE] [REI] [REIPlugin END] Reloading Section: "post-register/" done in 249.3 μs
[16:36:42] [main/TRACE] [REI] [REIPlugin END] Reloading Section: "post-stage/"
[16:36:42] [main/TRACE] [REI] [REIPlugin END] Reloading Section: "post-stage/EntryTypeRegistryImpl/"
[16:36:42] [main/TRACE] [REI] [REIPlugin END] Reloading Section: "post-stage/EntryTypeRegistryImpl/" done in 5.189 μs
[16:36:42] [main/TRACE] [REI] [REIPlugin END] Reloading Section: "post-stage/EntrySettingsAdapterRegistryImpl/"
[16:36:42] [main/TRACE] [REI] [REIPlugin END] Reloading Section: "post-stage/EntrySettingsAdapterRegistryImpl/" done in 4.779 μs
[16:36:42] [main/TRACE] [REI] [REIPlugin END] Reloading Section: "post-stage/RecipeManagerContextImpl/"
[16:36:42] [main/TRACE] [REI] [REIPlugin END] Reloading Section: "post-stage/RecipeManagerContextImpl/" done in 4.699 μs
[16:36:42] [main/TRACE] [REI] [REIPlugin END] Reloading Section: "post-stage/ItemComparatorRegistryImpl/"
[16:36:42] [main/TRACE] [REI] [REIPlugin END] Reloading Section: "post-stage/ItemComparatorRegistryImpl/" done in 4.558 μs
[16:36:42] [main/TRACE] [REI] [REIPlugin END] Reloading Section: "post-stage/FluidComparatorRegistryImpl/"
[16:36:42] [main/TRACE] [REI] [REIPlugin END] Reloading Section: "post-stage/FluidComparatorRegistryImpl/" done in 4.599 μs
[16:36:42] [main/TRACE] [REI] [REIPlugin END] Reloading Section: "post-stage/DisplaySerializerRegistryImpl/"
[16:36:42] [main/TRACE] [REI] [REIPlugin END] Reloading Section: "post-stage/DisplaySerializerRegistryImpl/" done in 4.859 μs
[16:36:42] [main/TRACE] [REI] [REIPlugin END] Reloading Section: "post-stage/FluidSupportProviderImpl/"
[16:36:42] [main/TRACE] [REI] [REIPlugin END] Reloading Section: "post-stage/FluidSupportProviderImpl/" done in 4.458 μs
[16:36:42] [main/TRACE] [REI] [REIPlugin END] Reloading Section: "post-stage/" done in 458.5 μs
[16:36:42] [main/DEBUG] [REI] ========================================
[16:36:42] [main/INFO] [REI] REIPlugin finished post-reload for END in 843.6 μs, totaling 32.61 ms.
[16:36:42] [main/DEBUG] [REI] ========================================
[16:36:42] [main/DEBUG] [REI] ========================================
[16:36:42] [main/DEBUG] [REI] REIServerPlugin starting post-reload for END.
[16:36:42] [main/DEBUG] [REI] Reloadables (2):
[16:36:42] [main/DEBUG] [REI]  - MenuInfoRegistryImpl
[16:36:42] [main/DEBUG] [REI]  - SlotAccessorRegistryImpl
[16:36:42] [main/DEBUG] [REI] Plugins (3):
[16:36:42] [main/DEBUG] [REI]  - (-100.00) DefaultPlugin of DefaultPlugin [roughlyenoughitems]
[16:36:42] [main/DEBUG] [REI]  - (0.00) FabricFluidAPISupportPlugin
[16:36:42] [main/DEBUG] [REI]  - (0.00) DefaultRuntimePlugin of DefaultRuntimePlugin [roughlyenoughitems]
[16:36:42] [main/DEBUG] [REI] ========================================
[16:36:42] [main/TRACE] [REI] [REIServerPlugin END] Reloading Section: "post-register/"
[16:36:42] [main/TRACE] [REI] [REIServerPlugin END] Reloading Section: "post-register/DefaultPlugin of DefaultPlugin [roughlyenoughitems]/"
[16:36:42] [main/TRACE] [REI] [REIServerPlugin END] Reloading Section: "post-register/DefaultPlugin of DefaultPlugin [roughlyenoughitems]/" done in 9.047 μs
[16:36:42] [main/TRACE] [REI] [REIServerPlugin END] Reloading Section: "post-register/FabricFluidAPISupportPlugin/"
[16:36:42] [main/TRACE] [REI] [REIServerPlugin END] Reloading Section: "post-register/FabricFluidAPISupportPlugin/" done in 6.832 μs
[16:36:42] [main/TRACE] [REI] [REIServerPlugin END] Reloading Section: "post-register/DefaultRuntimePlugin of DefaultRuntimePlugin [roughlyenoughitems]/"
[16:36:42] [main/TRACE] [REI] [REIServerPlugin END] Reloading Section: "post-register/DefaultRuntimePlugin of DefaultRuntimePlugin [roughlyenoughitems]/" done in 6.502 μs
[16:36:42] [main/TRACE] [REI] [REIServerPlugin END] Reloading Section: "post-register/" done in 245.2 μs
[16:36:42] [main/TRACE] [REI] [REIServerPlugin END] Reloading Section: "post-stage/"
[16:36:42] [main/TRACE] [REI] [REIServerPlugin END] Reloading Section: "post-stage/MenuInfoRegistryImpl/"
[16:36:42] [main/TRACE] [REI] [REIServerPlugin END] Reloading Section: "post-stage/MenuInfoRegistryImpl/" done in 4.990 μs
[16:36:42] [main/TRACE] [REI] [REIServerPlugin END] Reloading Section: "post-stage/SlotAccessorRegistryImpl/"
[16:36:42] [main/TRACE] [REI] [REIServerPlugin END] Reloading Section: "post-stage/SlotAccessorRegistryImpl/" done in 4.619 μs
[16:36:42] [main/TRACE] [REI] [REIServerPlugin END] Reloading Section: "post-stage/" done in 137.0 μs
[16:36:42] [main/DEBUG] [REI] ========================================
[16:36:42] [main/INFO] [REI] REIServerPlugin finished post-reload for END in 531.4 μs, totaling 6.367 ms.
[16:36:42] [main/DEBUG] [REI] ========================================
